2025-07-11 10:04:52.966 [INF]  ******************************************************************************************
2025-07-11 10:04:53.049 [INF]  DEMETER SERVER Version: 1.2.6.0
2025-07-11 10:04:53.049 [INF]  ******************************************************************************************
2025-07-11 10:04:53.054 [INF]  ----------------------------------
2025-07-11 10:04:53.054 [INF]  Start DEMETER Console server 
2025-07-11 10:04:53.054 [DBG]        => Debug logging activated
2025-07-11 10:04:55.463 [WRN]  Persistent FDCs data : C:\IOTemporary\USP\PM\DEMETER\Service\UnitySC.PM.DMT.Service.Host\bin\4VIS2562\Configuration\FDCsPersistentData.fpd file is missing : Le fichier 'C:\IOTemporary\USP\PM\DEMETER\Service\UnitySC.PM.DMT.Service.Host\bin\4VIS2562\Configuration\FDCsPersistentData.fpd' est introuvable.
2025-07-11 10:04:55.549 [INF] [Service.Implementation.GlobalStatusService]  Set global status State:Initializing Messages 1
2025-07-11 10:04:56.126 [INF]  Creating GlobalStatusService service on net.tcp://localhost:2220/DEMETERGlobalStatusService
2025-07-11 10:04:56.227 [INF]  Creating GlobalDeviceService service on net.tcp://localhost:2220/DEMETERGlobalDeviceService
2025-07-11 10:04:56.236 [INF]  Creating PlcService service on net.tcp://localhost:2220/DEMETERPlcService
2025-07-11 10:04:56.236 [INF]  Creating DMTChamberService service on net.tcp://localhost:2220/DEMETERChamberService
2025-07-11 10:04:56.236 [INF]  Creating DMTChuckService service on net.tcp://localhost:2220/DEMETERChuckService
2025-07-11 10:04:56.271 [INF]  Creating DMTCameraService service on net.tcp://localhost:2220/DEMETERCameraService
2025-07-11 10:04:56.282 [INF]  Creating DMTScreenService service on net.tcp://localhost:2220/DEMETERScreenService
2025-07-11 10:04:56.296 [INF]  Creating MotionAxesService service on net.tcp://localhost:2220/HARDWAREMotionAxesService
2025-07-11 10:04:56.307 [INF]  Creating FDCService service on net.tcp://localhost:2220/DEMETERFDCService
2025-07-11 10:04:56.311 [INF]  Creating FfuService service on net.tcp://localhost:2220/DEMETERFfuService
2025-07-11 10:04:56.314 [INF]  Creating DMTAlgorithmsService service on net.tcp://localhost:2220/DEMETERAlgorithmsService
2025-07-11 10:04:56.321 [INF]  Creating DMTRecipeService service on net.tcp://localhost:2220/DEMETERRecipeService
2025-07-11 10:04:56.337 [INF]  Creating DMTCalibrationService service on net.tcp://localhost:2220/DEMETERCalibrationService
2025-07-11 10:04:56.337 [INF]  Creating PMUserService service on net.tcp://localhost:2220/DEMETERPMUserService
2025-07-11 10:04:56.721 [INF] [Service.Implementation.GlobalStatusService]  Subscribed to global status change
2025-07-11 10:04:56.936 [DBG] [Service.Implementation.GlobalStatusService]  Get PP Configuration
2025-07-11 10:04:56.950 [INF]  Creating UTOPMService service on net.tcp://localhost:2230/UTOPMService
2025-07-11 10:04:56.950 [INF]  Initializing hardware manager ...
2025-07-11 10:04:57.053 [INF]  Loading DEMETER hardware configuration from C:\IOTemporary\USP\PM\DEMETER\Service\UnitySC.PM.DMT.Service.Host\bin\4VIS2562\Configuration\DMTHardwareConfiguration.xml
2025-07-11 10:04:57.959 [INF]  Controllers initialization starting...
2025-07-11 10:04:57.960 [INF]  Create controller PLC Controller Beckhoff
2025-07-11 10:04:57.974 [INF]  PLC Controller Beckhoff Controller initialization started
2025-07-11 10:04:57.990 [INF]  PLC Controller Beckhoff Controller Status: Unknown Status message: 
2025-07-11 10:04:57.990 [INF]  Create controller PSD chamber controller
2025-07-11 10:04:57.993 [INF]  PSD chamber controller Controller initialization started
2025-07-11 10:04:58.011 [INF]  PSD chamber controller Controller Status: Unknown Status message: 
2025-07-11 10:04:58.011 [INF]  Create controller PSD chuck controller
2025-07-11 10:04:58.417 [INF]  PSD chuck controller Controller initialization started
2025-07-11 10:04:58.428 [INF]  PSD chuck controller Controller Status: Unknown Status message: 
2025-07-11 10:04:58.428 [INF]  Create controller Densitron screen controller
2025-07-11 10:04:58.430 [INF]  Densitron screen controller Controller initialization started
2025-07-11 10:04:58.441 [INF]  Densitron screen controller Controller Status: Unknown Status message: 
2025-07-11 10:04:58.441 [INF]  Create controller Densitron screen controller
2025-07-11 10:04:58.443 [INF]  Densitron screen controller Controller initialization started
2025-07-11 10:04:58.453 [INF]  Densitron screen controller Controller Status: Unknown Status message: 
2025-07-11 10:04:58.453 [INF]  Create controller PSD ffu controller
2025-07-11 10:04:58.456 [INF]  PSD ffu controller Controller initialization started
2025-07-11 10:04:58.467 [INF]  PSD ffu controller Controller Status: Unknown Status message: 
2025-07-11 10:04:58.467 [INF]  Create controller Rfid controller
2025-07-11 10:04:58.468 [INF]  Rfid controller Controller initialization started
2025-07-11 10:04:58.478 [INF]  Rfid controller Controller Status: Unknown Status message: 
2025-07-11 10:04:58.480 [INF]  Screens initialization
2025-07-11 10:04:58.482 [INF]  Initializing screen Screen-Up
2025-07-11 10:04:58.484 [INF]  Initializing screen Screen-Down
2025-07-11 10:04:58.487 [INF]  Motion controllers initialization starting...
2025-07-11 10:04:58.487 [INF]  Create controller IO motion controller
2025-07-11 10:04:58.492 [INF]  IO motion controller Motion controller initialization started
2025-07-11 10:04:58.507 [INF]  IO motion controller Motion controller Status: Unknown Status message: 
2025-07-11 10:04:58.508 [INF]  PLC device initialization
2025-07-11 10:04:58.508 [INF]  Plc PLC Beckhoff create
2025-07-11 10:04:58.523 [INF]  Init Plc as a Dummy
2025-07-11 10:04:58.526 [INF]  chamber device initialization started...
2025-07-11 10:04:58.527 [INF]  PSD chamber chamber device creation
2025-07-11 10:04:58.530 [INF]  PSD chamber Chamber device initialization
2025-07-11 10:04:58.541 [INF]  PSD chamber Chamber device Status: Unknown Status message: 
2025-07-11 10:04:58.608 [INF]  chucks device initialization started...
2025-07-11 10:04:58.609 [INF]  PSD chuck chuck device creation
2025-07-11 10:04:58.614 [INF]  PSD chuck chuck device initialization
2025-07-11 10:04:58.629 [INF]  PSD chuck chuck device Status: Unknown Status message: 
2025-07-11 10:04:58.871 [INF]  PSD Axes Motion axes device creation
2025-07-11 10:04:59.022 [INF]  Good definition for this axis Linear axis
2025-07-11 10:04:59.023 [INF]  Good definition for this axis Linear axis
2025-07-11 10:04:59.024 [INF]  distance sensor device initialization
2025-07-11 10:04:59.026 [INF]  laser device initialization
2025-07-11 10:04:59.032 [INF]  shutter device initialization
2025-07-11 10:04:59.034 [INF]  light device initialization
2025-07-11 10:04:59.035 [INF]  plcScreen device initialization
2025-07-11 10:04:59.037 [INF]  ffu device initialization
2025-07-11 10:04:59.037 [INF]  ffu FFU Astrofan 612 create
2025-07-11 10:04:59.053 [INF]  Rfid device initialization
2025-07-11 10:04:59.053 [INF]  Rfid PSD Rfid create
2025-07-11 10:04:59.154 [INF]  Initializing fringes manager ...
2025-07-11 10:04:59.159 [INF] [Implementation.Fringes.FringeManager]  Loading fringe list from C:\IOTemporary\USP\PM\DEMETER\Service\UnitySC.PM.DMT.Service.Host\bin\4VIS2562\Configuration\Fringes.xml
2025-07-11 10:04:59.185 [INF]  Initializing algorithms manager ...
2025-07-11 10:04:59.187 [INF] [Service.Implementation.AlgorithmManager]  Loading C:\IOTemporary\USP\PM\DEMETER\Service\UnitySC.PM.DMT.Service.Host\bin\4VIS2562\Configuration\AlgorithmsConfiguration.xml
2025-07-11 10:04:59.280 [INF]  Initializing calibrations manager ...
2025-07-11 10:04:59.281 [INF]  Calibration inputs folder: C:\IOTemporary\USP\PM\DEMETER\Service\UnitySC.PM.DMT.Service.Host\bin\4VIS2562\Calibration\Input
2025-07-11 10:04:59.283 [WRN]  Calibration file FrontGlobalTopoCameraCalibration.xml is missing
2025-07-11 10:04:59.283 [WRN]  Calibration file BackGlobalTopoCameraCalibration.xml is missing
2025-07-11 10:04:59.285 [WRN]  Calibration file FrontGlobalTopoSystemCalibration.xml is missing
2025-07-11 10:04:59.285 [WRN]  Calibration file BackGlobalTopoSystemCalibration.xml is missing
2025-07-11 10:04:59.363 [WRN]  Calibration file FrontSystemUniformityCalibration.tif is missing
2025-07-11 10:04:59.364 [WRN]  Calibration file BackSystemUniformityCalibration.tif is missing
2025-07-11 10:04:59.367 [WRN]  Perspective calibration file FrontPerspectiveCalibration.psd for Front is missing
2025-07-11 10:04:59.367 [WRN]  Perspective calibration file BackPerspectiveCalibration.psd for Back is missing
2025-07-11 10:04:59.369 [WRN]  Calibration file FrontHighAngleDarkFieldMask.bmp is missing
2025-07-11 10:04:59.370 [WRN]  Calibration file BackHighAngleDarkFieldMask.bmp is missing
2025-07-11 10:04:59.373 [WRN]  Calibration file FrontExposureTimeCalibration.xml is missing
2025-07-11 10:04:59.374 [WRN]  Calibration file BackExposureTimeCalibration.xml is missing
2025-07-11 10:04:59.375 [WRN]  Calibration file FrontCurvatureDynamicsCalibration.xml is missing
2025-07-11 10:04:59.376 [WRN]  Calibration file BackCurvatureDynamicsCalibration.xml is missing
2025-07-11 10:04:59.501 [WRN]  Calibration file FrontDeadPixelsCalibration.dpml is missing
2025-07-11 10:04:59.503 [WRN]  Calibration file BackDeadPixelsCalibration.dpml is missing
2025-07-11 10:04:59.506 [INF]  Initializing PMTC manager ...
2025-07-11 10:04:59.507 [INF]  Initializing PMStateManager...
2025-07-11 10:04:59.508 [DBG] [2.6.0, Culture=neutral, PublicKeyToken=null]]]  [Send to TC] Update TransferState:NotReady
2025-07-11 10:04:59.518 [DBG] [2.6.0, Culture=neutral, PublicKeyToken=null]]]  [Send to TC] Update MaterialState: wafer is Unknown
2025-07-11 10:04:59.521 [DBG] [2.6.0, Culture=neutral, PublicKeyToken=null]]]  [Send to TC] Update total recipe progress percentage:0
2025-07-11 10:04:59.526 [INF]  CurrentTCPMState Initializing
2025-07-11 10:04:59.527 [INF]  CurrenTransferState NotReady
2025-07-11 10:04:59.529 [INF]  CurrentPMGeneralState NotReady
2025-07-11 10:04:59.530 [DBG] [2.6.0, Culture=neutral, PublicKeyToken=null]]]  [Send to TC] Update TransferState:NotReady
2025-07-11 10:04:59.531 [INF] [Shared.Data.ICommunicationOperations]  [Server UTO / Client PM] Request communication starting
2025-07-11 10:04:59.532 [DBG] [2.6.0, Culture=neutral, PublicKeyToken=null]]]  [Send to TC] Update TransferState:NotReady
2025-07-11 10:05:01.052 [INF] [Hardware.Manager.DMTHardwareManager]  Initializing handling...
2025-07-11 10:05:01.053 [INF]  DmtServer initialization complete
2025-07-11 10:05:01.055 [INF] [Service.Implementation.GlobalStatusService]  Set global status State:Free Messages 1
2025-07-11 10:05:01.056 [INF]  CurrentPMGlobalState Free
2025-07-11 10:05:04.022 [INF] [Service.Implementation.GlobalStatusService]  Reserve Hardware
2025-07-11 10:05:04.025 [INF]  CurrentPMGlobalState Busy
2025-07-11 10:05:08.005 [INF] [Service.Implementation.AxesService]  Subscribed to Motion axes change
2025-07-11 10:05:13.228 [INF] [Service.Implementation.AxesService]  Subscribed to Motion axes change
2025-07-11 10:05:13.522 [INF] [Service.Implementation.AxesService]  Subscribed to Motion axes change
2025-07-11 12:58:51.582 [INF]  ******************************************************************************************
2025-07-11 12:58:51.664 [INF]  DEMETER SERVER Version: 1.2.6.0
2025-07-11 12:58:51.664 [INF]  ******************************************************************************************
2025-07-11 12:58:51.667 [INF]  ----------------------------------
2025-07-11 12:58:51.667 [INF]  Start DEMETER Console server 
2025-07-11 12:58:51.667 [DBG]        => Debug logging activated
2025-07-11 12:58:54.131 [WRN]  Persistent FDCs data : C:\IOTemporary\USP\PM\DEMETER\Service\UnitySC.PM.DMT.Service.Host\bin\4VIS2562\Configuration\FDCsPersistentData.fpd file is missing : Le fichier 'C:\IOTemporary\USP\PM\DEMETER\Service\UnitySC.PM.DMT.Service.Host\bin\4VIS2562\Configuration\FDCsPersistentData.fpd' est introuvable.
2025-07-11 12:58:54.262 [INF] [Service.Implementation.GlobalStatusService]  Set global status State:Initializing Messages 1
2025-07-11 12:58:54.875 [INF]  Creating GlobalStatusService service on net.tcp://localhost:2220/DEMETERGlobalStatusService
2025-07-11 12:58:55.189 [INF]  Creating GlobalDeviceService service on net.tcp://localhost:2220/DEMETERGlobalDeviceService
2025-07-11 12:58:55.213 [INF]  Creating PlcService service on net.tcp://localhost:2220/DEMETERPlcService
2025-07-11 12:58:55.215 [INF]  Creating DMTChamberService service on net.tcp://localhost:2220/DEMETERChamberService
2025-07-11 12:58:55.215 [INF]  Creating DMTChuckService service on net.tcp://localhost:2220/DEMETERChuckService
2025-07-11 12:58:55.234 [INF]  Creating DMTCameraService service on net.tcp://localhost:2220/DEMETERCameraService
2025-07-11 12:58:55.247 [INF]  Creating DMTScreenService service on net.tcp://localhost:2220/DEMETERScreenService
2025-07-11 12:58:55.247 [INF]  Creating MotionAxesService service on net.tcp://localhost:2220/HARDWAREMotionAxesService
2025-07-11 12:58:55.264 [INF]  Creating FDCService service on net.tcp://localhost:2220/DEMETERFDCService
2025-07-11 12:58:55.264 [INF]  Creating FfuService service on net.tcp://localhost:2220/DEMETERFfuService
2025-07-11 12:58:55.264 [INF]  Creating DMTAlgorithmsService service on net.tcp://localhost:2220/DEMETERAlgorithmsService
2025-07-11 12:58:55.289 [INF]  Creating DMTRecipeService service on net.tcp://localhost:2220/DEMETERRecipeService
2025-07-11 12:58:55.311 [INF]  Creating DMTCalibrationService service on net.tcp://localhost:2220/DEMETERCalibrationService
2025-07-11 12:58:55.320 [INF]  Creating PMUserService service on net.tcp://localhost:2220/DEMETERPMUserService
2025-07-11 12:58:55.434 [INF] [Service.Implementation.GlobalStatusService]  Subscribed to global status change
2025-07-11 12:58:55.857 [INF]  Creating UTOPMService service on net.tcp://localhost:2230/UTOPMService
2025-07-11 12:58:55.865 [INF]  Initializing hardware manager ...
2025-07-11 12:58:55.904 [DBG] [Service.Implementation.GlobalStatusService]  Get PP Configuration
2025-07-11 12:58:55.927 [INF]  Loading DEMETER hardware configuration from C:\IOTemporary\USP\PM\DEMETER\Service\UnitySC.PM.DMT.Service.Host\bin\4VIS2562\Configuration\DMTHardwareConfiguration.xml
2025-07-11 12:58:57.082 [INF]  Controllers initialization starting...
2025-07-11 12:58:57.082 [INF]  Create controller PLC Controller Beckhoff
2025-07-11 12:58:57.107 [INF]  PLC Controller Beckhoff Controller initialization started
2025-07-11 12:58:57.130 [INF]  PLC Controller Beckhoff Controller Status: Unknown Status message: 
2025-07-11 12:58:57.130 [INF]  Create controller PSD chamber controller
2025-07-11 12:59:03.248 [INF]  PSD chamber controller Controller initialization started
2025-07-11 12:59:03.269 [INF]  PSD chamber controller Controller Status: Unknown Status message: 
2025-07-11 12:59:03.269 [INF]  Create controller PSD chuck controller
2025-07-11 12:59:03.620 [INF]  PSD chuck controller Controller initialization started
2025-07-11 12:59:03.631 [INF]  PSD chuck controller Controller Status: Unknown Status message: 
2025-07-11 12:59:03.631 [INF]  Create controller Densitron screen controller
2025-07-11 12:59:03.633 [INF]  Densitron screen controller Controller initialization started
2025-07-11 12:59:03.645 [INF]  Densitron screen controller Controller Status: Unknown Status message: 
2025-07-11 12:59:03.645 [INF]  Create controller Densitron screen controller
2025-07-11 12:59:03.646 [INF]  Densitron screen controller Controller initialization started
2025-07-11 12:59:03.656 [INF]  Densitron screen controller Controller Status: Unknown Status message: 
2025-07-11 12:59:03.656 [INF]  Create controller PSD ffu controller
2025-07-11 12:59:03.657 [INF]  PSD ffu controller Controller initialization started
2025-07-11 12:59:03.666 [INF]  PSD ffu controller Controller Status: Unknown Status message: 
2025-07-11 12:59:03.667 [INF]  Create controller Rfid controller
2025-07-11 12:59:03.670 [INF]  Rfid controller Controller initialization started
2025-07-11 12:59:03.682 [INF]  Rfid controller Controller Status: Unknown Status message: 
2025-07-11 12:59:03.685 [INF]  Screens initialization
2025-07-11 12:59:03.690 [INF]  Initializing screen Screen-Up
2025-07-11 12:59:03.691 [INF]  Initializing screen Screen-Down
2025-07-11 12:59:03.695 [INF]  Motion controllers initialization starting...
2025-07-11 12:59:03.696 [INF]  Create controller IO motion controller
2025-07-11 12:59:03.702 [INF]  IO motion controller Motion controller initialization started
2025-07-11 12:59:03.713 [INF]  IO motion controller Motion controller Status: Unknown Status message: 
2025-07-11 12:59:03.714 [INF]  PLC device initialization
2025-07-11 12:59:03.715 [INF]  Plc PLC Beckhoff create
2025-07-11 12:59:03.728 [INF]  Init Plc as a Dummy
2025-07-11 12:59:03.730 [INF]  chamber device initialization started...
2025-07-11 12:59:03.731 [INF]  PSD chamber chamber device creation
2025-07-11 12:59:03.734 [INF]  PSD chamber Chamber device initialization
2025-07-11 12:59:03.748 [INF]  PSD chamber Chamber device Status: Unknown Status message: 
2025-07-11 12:59:03.820 [INF]  chucks device initialization started...
2025-07-11 12:59:03.821 [INF]  PSD chuck chuck device creation
2025-07-11 12:59:03.826 [INF]  PSD chuck chuck device initialization
2025-07-11 12:59:03.842 [INF]  PSD chuck chuck device Status: Unknown Status message: 
2025-07-11 12:59:04.077 [INF]  PSD Axes Motion axes device creation
2025-07-11 12:59:04.209 [INF]  Good definition for this axis Linear axis
2025-07-11 12:59:04.210 [INF]  Good definition for this axis Linear axis
2025-07-11 12:59:04.212 [INF]  distance sensor device initialization
2025-07-11 12:59:04.213 [INF]  laser device initialization
2025-07-11 12:59:04.217 [INF]  shutter device initialization
2025-07-11 12:59:04.219 [INF]  light device initialization
2025-07-11 12:59:04.220 [INF]  plcScreen device initialization
2025-07-11 12:59:04.221 [INF]  ffu device initialization
2025-07-11 12:59:04.222 [INF]  ffu FFU Astrofan 612 create
2025-07-11 12:59:04.240 [INF]  Rfid device initialization
2025-07-11 12:59:04.240 [INF]  Rfid PSD Rfid create
2025-07-11 12:59:04.348 [INF]  Initializing fringes manager ...
2025-07-11 12:59:04.357 [INF] [Implementation.Fringes.FringeManager]  Loading fringe list from C:\IOTemporary\USP\PM\DEMETER\Service\UnitySC.PM.DMT.Service.Host\bin\4VIS2562\Configuration\Fringes.xml
2025-07-11 12:59:04.388 [INF]  Initializing algorithms manager ...
2025-07-11 12:59:04.391 [INF] [Service.Implementation.AlgorithmManager]  Loading C:\IOTemporary\USP\PM\DEMETER\Service\UnitySC.PM.DMT.Service.Host\bin\4VIS2562\Configuration\AlgorithmsConfiguration.xml
2025-07-11 12:59:04.482 [INF]  Initializing calibrations manager ...
2025-07-11 12:59:04.484 [INF]  Calibration inputs folder: C:\IOTemporary\USP\PM\DEMETER\Service\UnitySC.PM.DMT.Service.Host\bin\4VIS2562\Calibration\Input
2025-07-11 12:59:04.486 [WRN]  Calibration file FrontGlobalTopoCameraCalibration.xml is missing
2025-07-11 12:59:04.487 [WRN]  Calibration file BackGlobalTopoCameraCalibration.xml is missing
2025-07-11 12:59:04.489 [WRN]  Calibration file FrontGlobalTopoSystemCalibration.xml is missing
2025-07-11 12:59:04.490 [WRN]  Calibration file BackGlobalTopoSystemCalibration.xml is missing
2025-07-11 12:59:04.557 [WRN]  Calibration file FrontSystemUniformityCalibration.tif is missing
2025-07-11 12:59:04.558 [WRN]  Calibration file BackSystemUniformityCalibration.tif is missing
2025-07-11 12:59:04.560 [WRN]  Perspective calibration file FrontPerspectiveCalibration.psd for Front is missing
2025-07-11 12:59:04.561 [WRN]  Perspective calibration file BackPerspectiveCalibration.psd for Back is missing
2025-07-11 12:59:04.562 [WRN]  Calibration file FrontHighAngleDarkFieldMask.bmp is missing
2025-07-11 12:59:04.562 [WRN]  Calibration file BackHighAngleDarkFieldMask.bmp is missing
2025-07-11 12:59:04.564 [WRN]  Calibration file FrontExposureTimeCalibration.xml is missing
2025-07-11 12:59:04.565 [WRN]  Calibration file BackExposureTimeCalibration.xml is missing
2025-07-11 12:59:04.567 [WRN]  Calibration file FrontCurvatureDynamicsCalibration.xml is missing
2025-07-11 12:59:04.568 [WRN]  Calibration file BackCurvatureDynamicsCalibration.xml is missing
2025-07-11 12:59:04.661 [WRN]  Calibration file FrontDeadPixelsCalibration.dpml is missing
2025-07-11 12:59:04.662 [WRN]  Calibration file BackDeadPixelsCalibration.dpml is missing
2025-07-11 12:59:04.665 [INF]  Initializing PMTC manager ...
2025-07-11 12:59:04.668 [INF]  Initializing PMStateManager...
2025-07-11 12:59:04.670 [DBG] [2.6.0, Culture=neutral, PublicKeyToken=null]]]  [Send to TC] Update TransferState:NotReady
2025-07-11 12:59:04.681 [DBG] [2.6.0, Culture=neutral, PublicKeyToken=null]]]  [Send to TC] Update MaterialState: wafer is Unknown
2025-07-11 12:59:04.686 [DBG] [2.6.0, Culture=neutral, PublicKeyToken=null]]]  [Send to TC] Update total recipe progress percentage:0
2025-07-11 12:59:04.689 [INF]  CurrentTCPMState Initializing
2025-07-11 12:59:04.690 [INF]  CurrenTransferState NotReady
2025-07-11 12:59:04.691 [INF]  CurrentPMGeneralState NotReady
2025-07-11 12:59:04.692 [INF] [Shared.Data.ICommunicationOperations]  [Server UTO / Client PM] Request communication starting
2025-07-11 12:59:04.692 [DBG] [2.6.0, Culture=neutral, PublicKeyToken=null]]]  [Send to TC] Update TransferState:NotReady
2025-07-11 12:59:04.696 [DBG] [2.6.0, Culture=neutral, PublicKeyToken=null]]]  [Send to TC] Update TransferState:NotReady
2025-07-11 12:59:04.897 [INF] [Hardware.Manager.DMTHardwareManager]  Initializing handling...
2025-07-11 12:59:04.899 [INF]  DmtServer initialization complete
2025-07-11 12:59:04.899 [INF] [Service.Implementation.GlobalStatusService]  Set global status State:Free Messages 1
2025-07-11 12:59:04.902 [INF]  CurrentPMGlobalState Free
2025-07-11 12:59:06.478 [INF] [Service.Implementation.GlobalStatusService]  Reserve Hardware
2025-07-11 12:59:06.482 [INF]  CurrentPMGlobalState Busy
2025-07-11 12:59:09.930 [INF] [Service.Implementation.AxesService]  Subscribed to Motion axes change
2025-07-11 12:59:15.054 [INF] [Service.Implementation.AxesService]  Subscribed to Motion axes change
2025-07-11 12:59:15.649 [INF] [Service.Implementation.AxesService]  Subscribed to Motion axes change
2025-07-11 13:01:41.986 [INF]  ******************************************************************************************
2025-07-11 13:01:42.219 [INF]  DEMETER SERVER Version: 1.2.6.0
2025-07-11 13:01:42.223 [INF]  ******************************************************************************************
2025-07-11 13:01:42.228 [INF]  ----------------------------------
2025-07-11 13:01:42.229 [INF]  Start DEMETER Console server 
2025-07-11 13:01:42.230 [DBG]        => Debug logging activated
2025-07-11 13:01:43.569 [WRN]  Persistent FDCs data : C:\IOTemporary\USP\PM\DEMETER\Service\UnitySC.PM.DMT.Service.Host\bin\4VIS2562\Configuration\FDCsPersistentData.fpd file is missing : Le fichier 'C:\IOTemporary\USP\PM\DEMETER\Service\UnitySC.PM.DMT.Service.Host\bin\4VIS2562\Configuration\FDCsPersistentData.fpd' est introuvable.
2025-07-11 13:01:43.658 [INF] [Service.Implementation.GlobalStatusService]  Set global status State:Initializing Messages 1
2025-07-11 13:01:43.783 [INF]  Creating GlobalStatusService service on net.tcp://localhost:2220/DEMETERGlobalStatusService
2025-07-11 13:01:43.830 [INF]  Creating GlobalDeviceService service on net.tcp://localhost:2220/DEMETERGlobalDeviceService
2025-07-11 13:01:43.921 [INF]  Creating PlcService service on net.tcp://localhost:2220/DEMETERPlcService
2025-07-11 13:01:43.929 [INF]  Creating DMTChamberService service on net.tcp://localhost:2220/DEMETERChamberService
2025-07-11 13:01:43.936 [INF]  Creating DMTChuckService service on net.tcp://localhost:2220/DEMETERChuckService
2025-07-11 13:01:43.953 [INF]  Creating DMTCameraService service on net.tcp://localhost:2220/DEMETERCameraService
2025-07-11 13:01:43.968 [INF]  Creating DMTScreenService service on net.tcp://localhost:2220/DEMETERScreenService
2025-07-11 13:01:43.981 [INF]  Creating MotionAxesService service on net.tcp://localhost:2220/HARDWAREMotionAxesService
2025-07-11 13:01:43.987 [INF]  Creating FDCService service on net.tcp://localhost:2220/DEMETERFDCService
2025-07-11 13:01:43.998 [INF]  Creating FfuService service on net.tcp://localhost:2220/DEMETERFfuService
2025-07-11 13:01:44.005 [INF]  Creating DMTAlgorithmsService service on net.tcp://localhost:2220/DEMETERAlgorithmsService
2025-07-11 13:01:44.014 [INF]  Creating DMTRecipeService service on net.tcp://localhost:2220/DEMETERRecipeService
2025-07-11 13:01:44.038 [INF]  Creating DMTCalibrationService service on net.tcp://localhost:2220/DEMETERCalibrationService
2025-07-11 13:01:44.038 [INF]  Creating PMUserService service on net.tcp://localhost:2220/DEMETERPMUserService
2025-07-11 13:01:44.505 [INF]  Creating UTOPMService service on net.tcp://localhost:2230/UTOPMService
2025-07-11 13:01:44.521 [INF]  Initializing hardware manager ...
2025-07-11 13:01:44.535 [INF]  Loading DEMETER hardware configuration from C:\IOTemporary\USP\PM\DEMETER\Service\UnitySC.PM.DMT.Service.Host\bin\4VIS2562\Configuration\DMTHardwareConfiguration.xml
2025-07-11 13:01:44.713 [INF] [Service.Implementation.GlobalStatusService]  Subscribed to global status change
2025-07-11 13:01:44.918 [DBG] [Service.Implementation.GlobalStatusService]  Get PP Configuration
2025-07-11 13:01:45.713 [INF]  Controllers initialization starting...
2025-07-11 13:01:45.714 [INF]  Create controller PLC Controller Beckhoff
2025-07-11 13:01:45.729 [INF]  PLC Controller Beckhoff Controller initialization started
2025-07-11 13:01:45.756 [INF]  PLC Controller Beckhoff Controller Status: Unknown Status message: 
2025-07-11 13:01:45.756 [INF]  Create controller PSD chamber controller
2025-07-11 13:04:35.001 [INF]  ******************************************************************************************
2025-07-11 13:04:35.096 [INF]  DEMETER SERVER Version: 1.2.6.0
2025-07-11 13:04:35.096 [INF]  ******************************************************************************************
2025-07-11 13:04:35.096 [INF]  ----------------------------------
2025-07-11 13:04:35.096 [INF]  Start DEMETER Console server 
2025-07-11 13:04:35.096 [DBG]        => Debug logging activated
2025-07-11 13:04:37.337 [WRN]  Persistent FDCs data : C:\IOTemporary\USP\PM\DEMETER\Service\UnitySC.PM.DMT.Service.Host\bin\4VIS2562\Configuration\FDCsPersistentData.fpd file is missing : Le fichier 'C:\IOTemporary\USP\PM\DEMETER\Service\UnitySC.PM.DMT.Service.Host\bin\4VIS2562\Configuration\FDCsPersistentData.fpd' est introuvable.
2025-07-11 13:04:37.457 [INF] [Service.Implementation.GlobalStatusService]  Set global status State:Initializing Messages 1
2025-07-11 13:04:37.655 [INF]  Creating GlobalStatusService service on net.tcp://localhost:2220/DEMETERGlobalStatusService
2025-07-11 13:04:37.746 [INF]  Creating GlobalDeviceService service on net.tcp://localhost:2220/DEMETERGlobalDeviceService
2025-07-11 13:04:37.839 [INF]  Creating PlcService service on net.tcp://localhost:2220/DEMETERPlcService
2025-07-11 13:04:37.847 [INF]  Creating DMTChamberService service on net.tcp://localhost:2220/DEMETERChamberService
2025-07-11 13:04:37.856 [INF]  Creating DMTChuckService service on net.tcp://localhost:2220/DEMETERChuckService
2025-07-11 13:04:37.881 [INF]  Creating DMTCameraService service on net.tcp://localhost:2220/DEMETERCameraService
2025-07-11 13:04:37.896 [INF]  Creating DMTScreenService service on net.tcp://localhost:2220/DEMETERScreenService
2025-07-11 13:04:37.908 [INF]  Creating MotionAxesService service on net.tcp://localhost:2220/HARDWAREMotionAxesService
2025-07-11 13:04:37.923 [INF]  Creating FDCService service on net.tcp://localhost:2220/DEMETERFDCService
2025-07-11 13:04:37.931 [INF]  Creating FfuService service on net.tcp://localhost:2220/DEMETERFfuService
2025-07-11 13:04:37.934 [INF]  Creating DMTAlgorithmsService service on net.tcp://localhost:2220/DEMETERAlgorithmsService
2025-07-11 13:04:37.946 [INF] [Service.Implementation.GlobalStatusService]  Subscribed to global status change
2025-07-11 13:04:37.946 [INF]  Creating DMTRecipeService service on net.tcp://localhost:2220/DEMETERRecipeService
2025-07-11 13:04:37.966 [INF]  Creating DMTCalibrationService service on net.tcp://localhost:2220/DEMETERCalibrationService
2025-07-11 13:04:37.978 [INF]  Creating PMUserService service on net.tcp://localhost:2220/DEMETERPMUserService
2025-07-11 13:04:38.301 [DBG] [Service.Implementation.GlobalStatusService]  Get PP Configuration
2025-07-11 13:04:38.641 [INF]  Creating UTOPMService service on net.tcp://localhost:2230/UTOPMService
2025-07-11 13:04:38.655 [INF]  Initializing hardware manager ...
2025-07-11 13:04:38.673 [INF]  Loading DEMETER hardware configuration from C:\IOTemporary\USP\PM\DEMETER\Service\UnitySC.PM.DMT.Service.Host\bin\4VIS2562\Configuration\DMTHardwareConfiguration.xml
2025-07-11 13:04:39.512 [INF]  Controllers initialization starting...
2025-07-11 13:04:39.512 [INF]  Create controller PLC Controller Beckhoff
2025-07-11 13:04:39.528 [INF]  PLC Controller Beckhoff Controller initialization started
2025-07-11 13:04:39.556 [INF]  PLC Controller Beckhoff Controller Status: Unknown Status message: 
2025-07-11 13:04:39.556 [INF]  Create controller PSD chamber controller
2025-07-11 13:05:03.447 [INF]  PSD chamber controller Controller initialization started
2025-07-11 13:05:03.469 [INF]  PSD chamber controller Controller Status: Unknown Status message: 
2025-07-11 13:05:03.470 [INF]  Create controller PSD chuck controller
2025-07-11 13:05:03.503 [INF]  PSD chuck controller Controller initialization started
2025-07-11 13:05:03.516 [INF]  PSD chuck controller Controller Status: Unknown Status message: 
2025-07-11 13:05:03.516 [INF]  Create controller Densitron screen controller
2025-07-11 13:05:03.520 [INF]  Densitron screen controller Controller initialization started
2025-07-11 13:05:03.532 [INF]  Densitron screen controller Controller Status: Unknown Status message: 
2025-07-11 13:05:03.532 [INF]  Create controller Densitron screen controller
2025-07-11 13:05:03.534 [INF]  Densitron screen controller Controller initialization started
2025-07-11 13:05:03.544 [INF]  Densitron screen controller Controller Status: Unknown Status message: 
2025-07-11 13:05:03.544 [INF]  Create controller PSD ffu controller
2025-07-11 13:05:03.546 [INF]  PSD ffu controller Controller initialization started
2025-07-11 13:05:03.560 [INF]  PSD ffu controller Controller Status: Unknown Status message: 
2025-07-11 13:05:03.560 [INF]  Create controller Rfid controller
2025-07-11 13:05:03.563 [INF]  Rfid controller Controller initialization started
2025-07-11 13:05:03.572 [INF]  Rfid controller Controller Status: Unknown Status message: 
2025-07-11 13:05:03.574 [INF]  Screens initialization
2025-07-11 13:05:03.578 [INF]  Initializing screen Screen-Up
2025-07-11 13:05:03.580 [INF]  Initializing screen Screen-Down
2025-07-11 13:05:03.584 [INF]  Motion controllers initialization starting...
2025-07-11 13:05:03.584 [INF]  Create controller IO motion controller
2025-07-11 13:05:03.591 [INF]  IO motion controller Motion controller initialization started
2025-07-11 13:05:03.603 [INF]  IO motion controller Motion controller Status: Unknown Status message: 
2025-07-11 13:05:03.604 [INF]  PLC device initialization
2025-07-11 13:05:03.605 [INF]  Plc PLC Beckhoff create
2025-07-11 13:05:03.618 [INF]  Init Plc as a Dummy
2025-07-11 13:05:03.620 [INF]  chamber device initialization started...
2025-07-11 13:05:03.620 [INF]  PSD chamber chamber device creation
2025-07-11 13:05:03.624 [INF]  PSD chamber Chamber device initialization
2025-07-11 13:05:03.638 [INF]  PSD chamber Chamber device Status: Unknown Status message: 
2025-07-11 13:05:03.649 [INF]  chucks device initialization started...
2025-07-11 13:05:03.650 [INF]  PSD chuck chuck device creation
2025-07-11 13:05:03.653 [INF]  PSD chuck chuck device initialization
2025-07-11 13:05:03.676 [INF]  PSD chuck chuck device Status: Unknown Status message: 
2025-07-11 13:05:03.794 [INF]  PSD Axes Motion axes device creation
2025-07-11 13:05:03.816 [INF]  Good definition for this axis Linear axis
2025-07-11 13:05:03.816 [INF]  Good definition for this axis Linear axis
2025-07-11 13:05:03.818 [INF]  distance sensor device initialization
2025-07-11 13:05:03.819 [INF]  laser device initialization
2025-07-11 13:05:03.824 [INF]  shutter device initialization
2025-07-11 13:05:03.826 [INF]  light device initialization
2025-07-11 13:05:03.827 [INF]  plcScreen device initialization
2025-07-11 13:05:03.828 [INF]  ffu device initialization
2025-07-11 13:05:03.829 [INF]  ffu FFU Astrofan 612 create
2025-07-11 13:05:03.842 [INF]  Rfid device initialization
2025-07-11 13:05:03.843 [INF]  Rfid PSD Rfid create
2025-07-11 13:05:03.879 [INF]  Initializing fringes manager ...
2025-07-11 13:05:03.883 [INF] [Implementation.Fringes.FringeManager]  Loading fringe list from C:\IOTemporary\USP\PM\DEMETER\Service\UnitySC.PM.DMT.Service.Host\bin\4VIS2562\Configuration\Fringes.xml
2025-07-11 13:05:03.902 [INF]  Initializing algorithms manager ...
2025-07-11 13:05:03.904 [INF] [Service.Implementation.AlgorithmManager]  Loading C:\IOTemporary\USP\PM\DEMETER\Service\UnitySC.PM.DMT.Service.Host\bin\4VIS2562\Configuration\AlgorithmsConfiguration.xml
2025-07-11 13:05:03.976 [INF]  Initializing calibrations manager ...
2025-07-11 13:05:03.977 [INF]  Calibration inputs folder: C:\IOTemporary\USP\PM\DEMETER\Service\UnitySC.PM.DMT.Service.Host\bin\4VIS2562\Calibration\Input
2025-07-11 13:05:03.978 [WRN]  Calibration file FrontGlobalTopoCameraCalibration.xml is missing
2025-07-11 13:05:03.979 [WRN]  Calibration file BackGlobalTopoCameraCalibration.xml is missing
2025-07-11 13:05:03.980 [WRN]  Calibration file FrontGlobalTopoSystemCalibration.xml is missing
2025-07-11 13:05:03.981 [WRN]  Calibration file BackGlobalTopoSystemCalibration.xml is missing
2025-07-11 13:05:03.992 [WRN]  Calibration file FrontSystemUniformityCalibration.tif is missing
2025-07-11 13:05:03.992 [WRN]  Calibration file BackSystemUniformityCalibration.tif is missing
2025-07-11 13:05:03.994 [WRN]  Perspective calibration file FrontPerspectiveCalibration.psd for Front is missing
2025-07-11 13:05:04.003 [WRN]  Perspective calibration file BackPerspectiveCalibration.psd for Back is missing
2025-07-11 13:05:04.005 [WRN]  Calibration file FrontHighAngleDarkFieldMask.bmp is missing
2025-07-11 13:05:04.005 [WRN]  Calibration file BackHighAngleDarkFieldMask.bmp is missing
2025-07-11 13:05:04.008 [WRN]  Calibration file FrontExposureTimeCalibration.xml is missing
2025-07-11 13:05:04.008 [WRN]  Calibration file BackExposureTimeCalibration.xml is missing
2025-07-11 13:05:04.009 [WRN]  Calibration file FrontCurvatureDynamicsCalibration.xml is missing
2025-07-11 13:05:04.010 [WRN]  Calibration file BackCurvatureDynamicsCalibration.xml is missing
2025-07-11 13:05:04.109 [WRN]  Calibration file FrontDeadPixelsCalibration.dpml is missing
2025-07-11 13:05:04.109 [WRN]  Calibration file BackDeadPixelsCalibration.dpml is missing
2025-07-11 13:05:04.111 [INF]  Initializing PMTC manager ...
2025-07-11 13:05:04.114 [INF]  Initializing PMStateManager...
2025-07-11 13:05:04.115 [DBG] [2.6.0, Culture=neutral, PublicKeyToken=null]]]  [Send to TC] Update TransferState:NotReady
2025-07-11 13:05:04.122 [DBG] [2.6.0, Culture=neutral, PublicKeyToken=null]]]  [Send to TC] Update MaterialState: wafer is Unknown
2025-07-11 13:05:04.125 [DBG] [2.6.0, Culture=neutral, PublicKeyToken=null]]]  [Send to TC] Update total recipe progress percentage:0
2025-07-11 13:05:04.127 [INF]  CurrentTCPMState Initializing
2025-07-11 13:05:04.127 [INF]  CurrenTransferState NotReady
2025-07-11 13:05:04.129 [INF]  CurrentPMGeneralState NotReady
2025-07-11 13:05:04.130 [DBG] [2.6.0, Culture=neutral, PublicKeyToken=null]]]  [Send to TC] Update TransferState:NotReady
2025-07-11 13:05:04.130 [INF] [Shared.Data.ICommunicationOperations]  [Server UTO / Client PM] Request communication starting
2025-07-11 13:05:04.133 [DBG] [2.6.0, Culture=neutral, PublicKeyToken=null]]]  [Send to TC] Update TransferState:NotReady
2025-07-11 13:05:04.530 [INF] [Hardware.Manager.DMTHardwareManager]  Initializing handling...
2025-07-11 13:05:04.532 [INF]  DmtServer initialization complete
2025-07-11 13:05:04.532 [INF] [Service.Implementation.GlobalStatusService]  Set global status State:Free Messages 1
2025-07-11 13:05:04.534 [INF]  CurrentPMGlobalState Free
2025-07-11 13:05:08.350 [INF] [Service.Implementation.GlobalStatusService]  Reserve Hardware
2025-07-11 13:05:08.353 [INF]  CurrentPMGlobalState Busy
2025-07-11 13:05:17.949 [INF] [Service.Implementation.AxesService]  Subscribed to Motion axes change
2025-07-11 13:05:21.958 [INF] [Service.Implementation.AxesService]  Subscribed to Motion axes change
2025-07-11 13:05:22.223 [INF] [Service.Implementation.AxesService]  Subscribed to Motion axes change
2025-07-11 13:43:36.861 [INF]  ******************************************************************************************
2025-07-11 13:43:36.942 [INF]  DEMETER SERVER Version: 1.2.6.0
2025-07-11 13:43:36.943 [INF]  ******************************************************************************************
2025-07-11 13:43:36.944 [INF]  ----------------------------------
2025-07-11 13:43:36.944 [INF]  Start DEMETER Console server 
2025-07-11 13:43:36.945 [DBG]        => Debug logging activated
2025-07-11 13:43:40.097 [WRN]  Persistent FDCs data : C:\IOTemporary\USP\PM\DEMETER\Service\UnitySC.PM.DMT.Service.Host\bin\4VIS2562\Configuration\FDCsPersistentData.fpd file is missing : Le fichier 'C:\IOTemporary\USP\PM\DEMETER\Service\UnitySC.PM.DMT.Service.Host\bin\4VIS2562\Configuration\FDCsPersistentData.fpd' est introuvable.
2025-07-11 13:43:40.225 [INF] [Service.Implementation.GlobalStatusService]  Set global status State:Initializing Messages 1
2025-07-11 13:43:40.444 [INF]  Creating GlobalStatusService service on net.tcp://localhost:2220/DEMETERGlobalStatusService
2025-07-11 13:43:40.549 [INF]  Creating GlobalDeviceService service on net.tcp://localhost:2220/DEMETERGlobalDeviceService
2025-07-11 13:43:40.566 [INF]  Creating PlcService service on net.tcp://localhost:2220/DEMETERPlcService
2025-07-11 13:43:40.570 [INF]  Creating DMTChamberService service on net.tcp://localhost:2220/DEMETERChamberService
2025-07-11 13:43:40.578 [INF]  Creating DMTChuckService service on net.tcp://localhost:2220/DEMETERChuckService
2025-07-11 13:43:40.593 [INF]  Creating DMTCameraService service on net.tcp://localhost:2220/DEMETERCameraService
2025-07-11 13:43:40.610 [INF]  Creating DMTScreenService service on net.tcp://localhost:2220/DEMETERScreenService
2025-07-11 13:43:40.632 [INF]  Creating MotionAxesService service on net.tcp://localhost:2220/HARDWAREMotionAxesService
2025-07-11 13:43:40.632 [INF]  Creating FDCService service on net.tcp://localhost:2220/DEMETERFDCService
2025-07-11 13:43:40.632 [INF]  Creating FfuService service on net.tcp://localhost:2220/DEMETERFfuService
2025-07-11 13:43:40.632 [INF]  Creating DMTAlgorithmsService service on net.tcp://localhost:2220/DEMETERAlgorithmsService
2025-07-11 13:43:40.648 [INF]  Creating DMTRecipeService service on net.tcp://localhost:2220/DEMETERRecipeService
2025-07-11 13:43:40.659 [INF]  Creating DMTCalibrationService service on net.tcp://localhost:2220/DEMETERCalibrationService
2025-07-11 13:43:40.668 [INF]  Creating PMUserService service on net.tcp://localhost:2220/DEMETERPMUserService
2025-07-11 13:43:41.178 [INF]  Creating UTOPMService service on net.tcp://localhost:2230/UTOPMService
2025-07-11 13:43:41.190 [INF]  Initializing hardware manager ...
2025-07-11 13:43:41.301 [INF]  Loading DEMETER hardware configuration from C:\IOTemporary\USP\PM\DEMETER\Service\UnitySC.PM.DMT.Service.Host\bin\4VIS2562\Configuration\DMTHardwareConfiguration.xml
2025-07-11 13:43:42.323 [INF]  Controllers initialization starting...
2025-07-11 13:43:42.323 [INF]  Create controller PLC Controller Beckhoff
2025-07-11 13:43:42.337 [INF]  PLC Controller Beckhoff Controller initialization started
2025-07-11 13:43:42.337 [INF] [Service.Implementation.GlobalStatusService]  Subscribed to global status change
2025-07-11 13:43:42.367 [INF]  PLC Controller Beckhoff Controller Status: Unknown Status message: 
2025-07-11 13:43:42.371 [INF]  Create controller PSD chamber controller
2025-07-11 13:43:42.374 [INF]  PSD chamber controller Controller initialization started
2025-07-11 13:43:42.396 [INF]  PSD chamber controller Controller Status: Unknown Status message: 
2025-07-11 13:43:42.396 [INF]  Create controller PSD chuck controller
2025-07-11 13:43:42.434 [DBG] [Service.Implementation.GlobalStatusService]  Get PP Configuration
2025-07-11 13:43:42.783 [INF]  PSD chuck controller Controller initialization started
2025-07-11 13:43:42.796 [INF]  PSD chuck controller Controller Status: Unknown Status message: 
2025-07-11 13:43:42.796 [INF]  Create controller Densitron screen controller
2025-07-11 13:43:42.799 [INF]  Densitron screen controller Controller initialization started
2025-07-11 13:43:42.811 [INF]  Densitron screen controller Controller Status: Unknown Status message: 
2025-07-11 13:43:42.811 [INF]  Create controller Densitron screen controller
2025-07-11 13:43:42.813 [INF]  Densitron screen controller Controller initialization started
2025-07-11 13:43:42.825 [INF]  Densitron screen controller Controller Status: Unknown Status message: 
2025-07-11 13:43:42.825 [INF]  Create controller PSD ffu controller
2025-07-11 13:43:42.827 [INF]  PSD ffu controller Controller initialization started
2025-07-11 13:43:42.839 [INF]  PSD ffu controller Controller Status: Unknown Status message: 
2025-07-11 13:43:42.840 [INF]  Create controller Rfid controller
2025-07-11 13:43:42.842 [INF]  Rfid controller Controller initialization started
2025-07-11 13:43:42.857 [INF]  Rfid controller Controller Status: Unknown Status message: 
2025-07-11 13:43:42.859 [INF]  Screens initialization
2025-07-11 13:43:42.865 [INF]  Initializing screen Screen-Up
2025-07-11 13:43:42.871 [INF]  Initializing screen Screen-Down
2025-07-11 13:43:42.876 [INF]  Motion controllers initialization starting...
2025-07-11 13:43:42.877 [INF]  Create controller IO motion controller
2025-07-11 13:43:42.886 [INF]  IO motion controller Motion controller initialization started
2025-07-11 13:43:42.899 [INF]  IO motion controller Motion controller Status: Unknown Status message: 
2025-07-11 13:43:42.902 [INF]  PLC device initialization
2025-07-11 13:43:42.902 [INF]  Plc PLC Beckhoff create
2025-07-11 13:43:42.922 [INF]  Init Plc as a Dummy
2025-07-11 13:43:42.924 [INF]  chamber device initialization started...
2025-07-11 13:43:42.925 [INF]  PSD chamber chamber device creation
2025-07-11 13:43:42.928 [INF]  PSD chamber Chamber device initialization
2025-07-11 13:43:42.941 [INF]  PSD chamber Chamber device Status: Unknown Status message: 
2025-07-11 13:43:43.015 [INF]  chucks device initialization started...
2025-07-11 13:43:43.015 [INF]  PSD chuck chuck device creation
2025-07-11 13:43:43.021 [INF]  PSD chuck chuck device initialization
2025-07-11 13:43:43.042 [INF]  PSD chuck chuck device Status: Unknown Status message: 
2025-07-11 13:43:43.401 [INF]  PSD Axes Motion axes device creation
2025-07-11 13:43:43.532 [INF]  Good definition for this axis Linear axis
2025-07-11 13:43:43.534 [INF]  Good definition for this axis Linear axis
2025-07-11 13:43:43.536 [INF]  distance sensor device initialization
2025-07-11 13:43:43.537 [INF]  laser device initialization
2025-07-11 13:43:43.541 [INF]  shutter device initialization
2025-07-11 13:43:43.544 [INF]  light device initialization
2025-07-11 13:43:43.546 [INF]  plcScreen device initialization
2025-07-11 13:43:43.547 [INF]  ffu device initialization
2025-07-11 13:43:43.548 [INF]  ffu FFU Astrofan 612 create
2025-07-11 13:43:43.573 [INF]  Rfid device initialization
2025-07-11 13:43:43.573 [INF]  Rfid PSD Rfid create
2025-07-11 13:43:43.685 [INF]  Initializing fringes manager ...
2025-07-11 13:43:43.693 [INF] [Implementation.Fringes.FringeManager]  Loading fringe list from C:\IOTemporary\USP\PM\DEMETER\Service\UnitySC.PM.DMT.Service.Host\bin\4VIS2562\Configuration\Fringes.xml
2025-07-11 13:43:43.737 [INF]  Initializing algorithms manager ...
2025-07-11 13:43:43.740 [INF] [Service.Implementation.AlgorithmManager]  Loading C:\IOTemporary\USP\PM\DEMETER\Service\UnitySC.PM.DMT.Service.Host\bin\4VIS2562\Configuration\AlgorithmsConfiguration.xml
2025-07-11 13:43:43.894 [INF]  Initializing calibrations manager ...
2025-07-11 13:43:43.896 [INF]  Calibration inputs folder: C:\IOTemporary\USP\PM\DEMETER\Service\UnitySC.PM.DMT.Service.Host\bin\4VIS2562\Calibration\Input
2025-07-11 13:43:43.899 [WRN]  Calibration file FrontGlobalTopoCameraCalibration.xml is missing
2025-07-11 13:43:43.900 [WRN]  Calibration file BackGlobalTopoCameraCalibration.xml is missing
2025-07-11 13:43:43.901 [WRN]  Calibration file FrontGlobalTopoSystemCalibration.xml is missing
2025-07-11 13:43:43.902 [WRN]  Calibration file BackGlobalTopoSystemCalibration.xml is missing
2025-07-11 13:43:44.011 [WRN]  Calibration file FrontSystemUniformityCalibration.tif is missing
2025-07-11 13:43:44.012 [WRN]  Calibration file BackSystemUniformityCalibration.tif is missing
2025-07-11 13:43:44.014 [WRN]  Perspective calibration file FrontPerspectiveCalibration.psd for Front is missing
2025-07-11 13:43:44.014 [WRN]  Perspective calibration file BackPerspectiveCalibration.psd for Back is missing
2025-07-11 13:43:44.015 [WRN]  Calibration file FrontHighAngleDarkFieldMask.bmp is missing
2025-07-11 13:43:44.016 [WRN]  Calibration file BackHighAngleDarkFieldMask.bmp is missing
2025-07-11 13:43:44.019 [WRN]  Calibration file FrontExposureTimeCalibration.xml is missing
2025-07-11 13:43:44.019 [WRN]  Calibration file BackExposureTimeCalibration.xml is missing
2025-07-11 13:43:44.020 [WRN]  Calibration file FrontCurvatureDynamicsCalibration.xml is missing
2025-07-11 13:43:44.021 [WRN]  Calibration file BackCurvatureDynamicsCalibration.xml is missing
2025-07-11 13:43:44.191 [WRN]  Calibration file FrontDeadPixelsCalibration.dpml is missing
2025-07-11 13:43:44.192 [WRN]  Calibration file BackDeadPixelsCalibration.dpml is missing
2025-07-11 13:43:44.194 [INF]  Initializing PMTC manager ...
2025-07-11 13:43:44.196 [INF]  Initializing PMStateManager...
2025-07-11 13:43:44.199 [DBG] [2.6.0, Culture=neutral, PublicKeyToken=null]]]  [Send to TC] Update TransferState:NotReady
2025-07-11 13:43:44.210 [DBG] [2.6.0, Culture=neutral, PublicKeyToken=null]]]  [Send to TC] Update MaterialState: wafer is Unknown
2025-07-11 13:43:44.231 [DBG] [2.6.0, Culture=neutral, PublicKeyToken=null]]]  [Send to TC] Update total recipe progress percentage:0
2025-07-11 13:43:44.245 [INF]  CurrentTCPMState Initializing
2025-07-11 13:43:44.247 [INF]  CurrenTransferState NotReady
2025-07-11 13:43:44.248 [INF]  CurrentPMGeneralState NotReady
2025-07-11 13:43:44.249 [DBG] [2.6.0, Culture=neutral, PublicKeyToken=null]]]  [Send to TC] Update TransferState:NotReady
2025-07-11 13:43:44.250 [INF] [Shared.Data.ICommunicationOperations]  [Server UTO / Client PM] Request communication starting
2025-07-11 13:43:44.254 [DBG] [2.6.0, Culture=neutral, PublicKeyToken=null]]]  [Send to TC] Update TransferState:NotReady
2025-07-11 13:43:44.464 [INF] [Hardware.Manager.DMTHardwareManager]  Initializing handling...
2025-07-11 13:43:44.466 [INF]  DmtServer initialization complete
2025-07-11 13:43:44.466 [INF] [Service.Implementation.GlobalStatusService]  Set global status State:Free Messages 1
2025-07-11 13:43:44.468 [INF]  CurrentPMGlobalState Free
2025-07-11 13:43:49.054 [INF] [Service.Implementation.GlobalStatusService]  Reserve Hardware
2025-07-11 13:43:49.056 [INF]  CurrentPMGlobalState Busy
2025-07-11 13:43:52.786 [INF] [Service.Implementation.AxesService]  Subscribed to Motion axes change
2025-07-11 13:43:57.811 [INF] [Service.Implementation.AxesService]  Subscribed to Motion axes change
2025-07-11 13:43:58.102 [INF] [Service.Implementation.AxesService]  Subscribed to Motion axes change
2025-07-11 13:45:02.894 [INF]  ******************************************************************************************
2025-07-11 13:45:03.340 [INF]  DEMETER SERVER Version: 1.2.6.0
2025-07-11 13:45:03.342 [INF]  ******************************************************************************************
2025-07-11 13:45:03.345 [INF]  ----------------------------------
2025-07-11 13:45:03.345 [INF]  Start DEMETER Console server 
2025-07-11 13:45:03.346 [DBG]        => Debug logging activated
2025-07-11 13:45:04.463 [WRN]  Persistent FDCs data : C:\IOTemporary\USP\PM\DEMETER\Service\UnitySC.PM.DMT.Service.Host\bin\4VIS2562\Configuration\FDCsPersistentData.fpd file is missing : Le fichier 'C:\IOTemporary\USP\PM\DEMETER\Service\UnitySC.PM.DMT.Service.Host\bin\4VIS2562\Configuration\FDCsPersistentData.fpd' est introuvable.
2025-07-11 13:45:04.551 [INF] [Service.Implementation.GlobalStatusService]  Set global status State:Initializing Messages 1
2025-07-11 13:45:04.705 [INF]  Creating GlobalStatusService service on net.tcp://localhost:2220/DEMETERGlobalStatusService
2025-07-11 13:45:04.756 [INF]  Creating GlobalDeviceService service on net.tcp://localhost:2220/DEMETERGlobalDeviceService
2025-07-11 13:45:04.853 [INF]  Creating PlcService service on net.tcp://localhost:2220/DEMETERPlcService
2025-07-11 13:45:04.858 [INF]  Creating DMTChamberService service on net.tcp://localhost:2220/DEMETERChamberService
2025-07-11 13:45:04.864 [INF]  Creating DMTChuckService service on net.tcp://localhost:2220/DEMETERChuckService
2025-07-11 13:45:04.870 [INF]  Creating DMTCameraService service on net.tcp://localhost:2220/DEMETERCameraService
2025-07-11 13:45:04.893 [INF]  Creating DMTScreenService service on net.tcp://localhost:2220/DEMETERScreenService
2025-07-11 13:45:04.899 [INF]  Creating MotionAxesService service on net.tcp://localhost:2220/HARDWAREMotionAxesService
2025-07-11 13:45:04.908 [INF]  Creating FDCService service on net.tcp://localhost:2220/DEMETERFDCService
2025-07-11 13:45:04.915 [INF]  Creating FfuService service on net.tcp://localhost:2220/DEMETERFfuService
2025-07-11 13:45:04.915 [INF]  Creating DMTAlgorithmsService service on net.tcp://localhost:2220/DEMETERAlgorithmsService
2025-07-11 13:45:04.925 [INF]  Creating DMTRecipeService service on net.tcp://localhost:2220/DEMETERRecipeService
2025-07-11 13:45:04.941 [INF]  Creating DMTCalibrationService service on net.tcp://localhost:2220/DEMETERCalibrationService
2025-07-11 13:45:04.945 [INF]  Creating PMUserService service on net.tcp://localhost:2220/DEMETERPMUserService
2025-07-11 13:45:05.384 [INF]  Creating UTOPMService service on net.tcp://localhost:2230/UTOPMService
2025-07-11 13:45:05.401 [INF]  Initializing hardware manager ...
2025-07-11 13:45:05.416 [INF]  Loading DEMETER hardware configuration from C:\IOTemporary\USP\PM\DEMETER\Service\UnitySC.PM.DMT.Service.Host\bin\4VIS2562\Configuration\DMTHardwareConfiguration.xml
2025-07-11 13:45:05.541 [INF] [Service.Implementation.GlobalStatusService]  Subscribed to global status change
2025-07-11 13:45:05.715 [DBG] [Service.Implementation.GlobalStatusService]  Get PP Configuration
2025-07-11 13:45:06.366 [INF]  Controllers initialization starting...
2025-07-11 13:45:06.366 [INF]  Create controller PLC Controller Beckhoff
2025-07-11 13:45:06.386 [INF]  PLC Controller Beckhoff Controller initialization started
2025-07-11 13:45:06.409 [INF]  PLC Controller Beckhoff Controller Status: Unknown Status message: 
2025-07-11 13:45:06.410 [INF]  Create controller PSD chamber controller
2025-07-11 14:10:22.021 [INF]  ******************************************************************************************
2025-07-11 14:10:22.098 [INF]  DEMETER SERVER Version: 1.2.6.0
2025-07-11 14:10:22.098 [INF]  ******************************************************************************************
2025-07-11 14:10:22.098 [INF]  ----------------------------------
2025-07-11 14:10:22.098 [INF]  Start DEMETER Console server 
2025-07-11 14:10:22.098 [DBG]        => Debug logging activated
2025-07-11 14:10:23.895 [WRN]  Persistent FDCs data : C:\IOTemporary\USP\PM\DEMETER\Service\UnitySC.PM.DMT.Service.Host\bin\4VIS2562\Configuration\FDCsPersistentData.fpd file is missing : Le fichier 'C:\IOTemporary\USP\PM\DEMETER\Service\UnitySC.PM.DMT.Service.Host\bin\4VIS2562\Configuration\FDCsPersistentData.fpd' est introuvable.
2025-07-11 14:10:23.979 [INF] [Service.Implementation.GlobalStatusService]  Set global status State:Initializing Messages 1
2025-07-11 14:10:24.174 [INF]  Creating GlobalStatusService service on net.tcp://localhost:2220/DEMETERGlobalStatusService
2025-07-11 14:10:24.252 [INF]  Creating GlobalDeviceService service on net.tcp://localhost:2220/DEMETERGlobalDeviceService
2025-07-11 14:10:24.296 [INF]  Creating PlcService service on net.tcp://localhost:2220/DEMETERPlcService
2025-07-11 14:10:24.300 [INF]  Creating DMTChamberService service on net.tcp://localhost:2220/DEMETERChamberService
2025-07-11 14:10:24.325 [INF]  Creating DMTChuckService service on net.tcp://localhost:2220/DEMETERChuckService
2025-07-11 14:10:24.381 [INF] [Service.Implementation.GlobalStatusService]  Subscribed to global status change
2025-07-11 14:10:24.383 [INF]  Creating DMTCameraService service on net.tcp://localhost:2220/DEMETERCameraService
2025-07-11 14:10:24.420 [INF]  Creating DMTScreenService service on net.tcp://localhost:2220/DEMETERScreenService
2025-07-11 14:10:24.435 [INF]  Creating MotionAxesService service on net.tcp://localhost:2220/HARDWAREMotionAxesService
2025-07-11 14:10:24.441 [INF]  Creating FDCService service on net.tcp://localhost:2220/DEMETERFDCService
2025-07-11 14:10:24.457 [INF]  Creating FfuService service on net.tcp://localhost:2220/DEMETERFfuService
2025-07-11 14:10:24.460 [INF]  Creating DMTAlgorithmsService service on net.tcp://localhost:2220/DEMETERAlgorithmsService
2025-07-11 14:10:24.473 [INF]  Creating DMTRecipeService service on net.tcp://localhost:2220/DEMETERRecipeService
2025-07-11 14:10:24.488 [INF]  Creating DMTCalibrationService service on net.tcp://localhost:2220/DEMETERCalibrationService
2025-07-11 14:10:24.488 [INF]  Creating PMUserService service on net.tcp://localhost:2220/DEMETERPMUserService
2025-07-11 14:10:24.778 [DBG] [Service.Implementation.GlobalStatusService]  Get PP Configuration
2025-07-11 14:10:25.198 [INF]  Creating UTOPMService service on net.tcp://localhost:2230/UTOPMService
2025-07-11 14:10:25.209 [INF]  Initializing hardware manager ...
2025-07-11 14:10:25.238 [INF]  Loading DEMETER hardware configuration from C:\IOTemporary\USP\PM\DEMETER\Service\UnitySC.PM.DMT.Service.Host\bin\4VIS2562\Configuration\DMTHardwareConfiguration.xml
2025-07-11 14:10:26.068 [INF]  Controllers initialization starting...
2025-07-11 14:10:26.068 [INF]  Create controller PLC Controller Beckhoff
2025-07-11 14:10:26.089 [INF]  PLC Controller Beckhoff Controller initialization started
2025-07-11 14:10:26.112 [INF]  PLC Controller Beckhoff Controller Status: Unknown Status message: 
2025-07-11 14:10:26.112 [INF]  Create controller PSD chamber controller
2025-07-11 14:11:38.097 [INF]  ******************************************************************************************
2025-07-11 14:11:38.181 [INF]  DEMETER SERVER Version: 1.2.6.0
2025-07-11 14:11:38.182 [INF]  ******************************************************************************************
2025-07-11 14:11:38.183 [INF]  ----------------------------------
2025-07-11 14:11:38.183 [INF]  Start DEMETER Console server 
2025-07-11 14:11:38.183 [DBG]        => Debug logging activated
2025-07-11 14:11:40.725 [WRN]  Persistent FDCs data : C:\IOTemporary\USP\PM\DEMETER\Service\UnitySC.PM.DMT.Service.Host\bin\4VIS2562\Configuration\FDCsPersistentData.fpd file is missing : Le fichier 'C:\IOTemporary\USP\PM\DEMETER\Service\UnitySC.PM.DMT.Service.Host\bin\4VIS2562\Configuration\FDCsPersistentData.fpd' est introuvable.
2025-07-11 14:11:40.827 [INF] [Service.Implementation.GlobalStatusService]  Set global status State:Initializing Messages 1
2025-07-11 14:11:40.951 [INF]  Creating GlobalStatusService service on net.tcp://localhost:2220/DEMETERGlobalStatusService
2025-07-11 14:11:41.008 [INF]  Creating GlobalDeviceService service on net.tcp://localhost:2220/DEMETERGlobalDeviceService
2025-07-11 14:11:41.017 [INF]  Creating PlcService service on net.tcp://localhost:2220/DEMETERPlcService
2025-07-11 14:11:41.020 [INF]  Creating DMTChamberService service on net.tcp://localhost:2220/DEMETERChamberService
2025-07-11 14:11:41.026 [INF]  Creating DMTChuckService service on net.tcp://localhost:2220/DEMETERChuckService
2025-07-11 14:11:41.040 [INF]  Creating DMTCameraService service on net.tcp://localhost:2220/DEMETERCameraService
2025-07-11 14:11:41.056 [INF]  Creating DMTScreenService service on net.tcp://localhost:2220/DEMETERScreenService
2025-07-11 14:11:41.073 [INF]  Creating MotionAxesService service on net.tcp://localhost:2220/HARDWAREMotionAxesService
2025-07-11 14:11:41.101 [INF]  Creating FDCService service on net.tcp://localhost:2220/DEMETERFDCService
2025-07-11 14:11:41.108 [INF]  Creating FfuService service on net.tcp://localhost:2220/DEMETERFfuService
2025-07-11 14:11:41.113 [INF]  Creating DMTAlgorithmsService service on net.tcp://localhost:2220/DEMETERAlgorithmsService
2025-07-11 14:11:41.114 [INF] [Service.Implementation.GlobalStatusService]  Subscribed to global status change
2025-07-11 14:11:41.126 [INF]  Creating DMTRecipeService service on net.tcp://localhost:2220/DEMETERRecipeService
2025-07-11 14:11:41.143 [INF]  Creating DMTCalibrationService service on net.tcp://localhost:2220/DEMETERCalibrationService
2025-07-11 14:11:41.151 [INF]  Creating PMUserService service on net.tcp://localhost:2220/DEMETERPMUserService
2025-07-11 14:11:41.295 [DBG] [Service.Implementation.GlobalStatusService]  Get PP Configuration
2025-07-11 14:11:41.827 [INF]  Creating UTOPMService service on net.tcp://localhost:2230/UTOPMService
2025-07-11 14:11:41.836 [INF]  Initializing hardware manager ...
2025-07-11 14:11:41.848 [INF]  Loading DEMETER hardware configuration from C:\IOTemporary\USP\PM\DEMETER\Service\UnitySC.PM.DMT.Service.Host\bin\4VIS2562\Configuration\DMTHardwareConfiguration.xml
2025-07-11 14:11:42.649 [INF]  Controllers initialization starting...
2025-07-11 14:11:42.650 [INF]  Create controller PLC Controller Beckhoff
2025-07-11 14:11:42.666 [INF]  PLC Controller Beckhoff Controller initialization started
2025-07-11 14:11:42.686 [INF]  PLC Controller Beckhoff Controller Status: Unknown Status message: 
2025-07-11 14:11:42.687 [INF]  Create controller PSD chamber controller
2025-07-11 14:17:30.935 [INF]  ******************************************************************************************
2025-07-11 14:17:31.049 [INF]  DEMETER SERVER Version: 1.2.6.0
2025-07-11 14:17:31.049 [INF]  ******************************************************************************************
2025-07-11 14:17:31.050 [INF]  ----------------------------------
2025-07-11 14:17:31.052 [INF]  Start DEMETER Console server 
2025-07-11 14:17:31.052 [DBG]        => Debug logging activated
2025-07-11 14:17:33.161 [WRN]  Persistent FDCs data : C:\IOTemporary\USP\PM\DEMETER\Service\UnitySC.PM.DMT.Service.Host\bin\4VIS2562\Configuration\FDCsPersistentData.fpd file is missing : Le fichier 'C:\IOTemporary\USP\PM\DEMETER\Service\UnitySC.PM.DMT.Service.Host\bin\4VIS2562\Configuration\FDCsPersistentData.fpd' est introuvable.
2025-07-11 14:17:33.311 [INF] [Service.Implementation.GlobalStatusService]  Set global status State:Initializing Messages 1
2025-07-11 14:17:33.488 [INF]  Creating GlobalStatusService service on net.tcp://localhost:2220/DEMETERGlobalStatusService
2025-07-11 14:17:33.591 [INF]  Creating GlobalDeviceService service on net.tcp://localhost:2220/DEMETERGlobalDeviceService
2025-07-11 14:17:33.597 [INF]  Creating PlcService service on net.tcp://localhost:2220/DEMETERPlcService
2025-07-11 14:17:33.602 [INF]  Creating DMTChamberService service on net.tcp://localhost:2220/DEMETERChamberService
2025-07-11 14:17:33.609 [INF]  Creating DMTChuckService service on net.tcp://localhost:2220/DEMETERChuckService
2025-07-11 14:17:33.631 [INF]  Creating DMTCameraService service on net.tcp://localhost:2220/DEMETERCameraService
2025-07-11 14:17:33.645 [INF]  Creating DMTScreenService service on net.tcp://localhost:2220/DEMETERScreenService
2025-07-11 14:17:33.656 [INF]  Creating MotionAxesService service on net.tcp://localhost:2220/HARDWAREMotionAxesService
2025-07-11 14:17:33.666 [INF]  Creating FDCService service on net.tcp://localhost:2220/DEMETERFDCService
2025-07-11 14:17:33.671 [INF]  Creating FfuService service on net.tcp://localhost:2220/DEMETERFfuService
2025-07-11 14:17:33.673 [INF]  Creating DMTAlgorithmsService service on net.tcp://localhost:2220/DEMETERAlgorithmsService
2025-07-11 14:17:33.680 [INF]  Creating DMTRecipeService service on net.tcp://localhost:2220/DEMETERRecipeService
2025-07-11 14:17:33.705 [INF]  Creating DMTCalibrationService service on net.tcp://localhost:2220/DEMETERCalibrationService
2025-07-11 14:17:33.715 [INF]  Creating PMUserService service on net.tcp://localhost:2220/DEMETERPMUserService
2025-07-11 14:17:33.958 [INF] [Service.Implementation.GlobalStatusService]  Subscribed to global status change
2025-07-11 14:17:34.118 [DBG] [Service.Implementation.GlobalStatusService]  Get PP Configuration
2025-07-11 14:17:34.247 [INF]  Creating UTOPMService service on net.tcp://localhost:2230/UTOPMService
2025-07-11 14:17:34.261 [INF]  Initializing hardware manager ...
2025-07-11 14:17:34.277 [INF]  Loading DEMETER hardware configuration from C:\IOTemporary\USP\PM\DEMETER\Service\UnitySC.PM.DMT.Service.Host\bin\4VIS2562\Configuration\DMTHardwareConfiguration.xml
2025-07-11 14:17:34.969 [INF]  Controllers initialization starting...
2025-07-11 14:17:34.970 [INF]  Create controller PLC Controller Beckhoff
2025-07-11 14:17:34.985 [INF]  PLC Controller Beckhoff Controller initialization started
2025-07-11 14:17:35.005 [INF]  PLC Controller Beckhoff Controller Status: Unknown Status message: 
2025-07-11 14:17:35.005 [INF]  Create controller PSD chamber controller
2025-07-11 14:17:58.435 [INF]  ******************************************************************************************
2025-07-11 14:17:58.530 [INF]  DEMETER SERVER Version: 1.2.6.0
2025-07-11 14:17:58.530 [INF]  ******************************************************************************************
2025-07-11 14:17:58.530 [INF]  ----------------------------------
2025-07-11 14:17:58.530 [INF]  Start DEMETER Console server 
2025-07-11 14:17:58.530 [DBG]        => Debug logging activated
2025-07-11 14:17:59.755 [WRN]  Persistent FDCs data : C:\IOTemporary\USP\PM\DEMETER\Service\UnitySC.PM.DMT.Service.Host\bin\4VIS2562\Configuration\FDCsPersistentData.fpd file is missing : Le fichier 'C:\IOTemporary\USP\PM\DEMETER\Service\UnitySC.PM.DMT.Service.Host\bin\4VIS2562\Configuration\FDCsPersistentData.fpd' est introuvable.
2025-07-11 14:17:59.815 [INF] [Service.Implementation.GlobalStatusService]  Set global status State:Initializing Messages 1
2025-07-11 14:17:59.939 [INF]  Creating GlobalStatusService service on net.tcp://localhost:2220/DEMETERGlobalStatusService
2025-07-11 14:18:00.028 [INF]  Creating GlobalDeviceService service on net.tcp://localhost:2220/DEMETERGlobalDeviceService
2025-07-11 14:18:00.028 [INF]  Creating PlcService service on net.tcp://localhost:2220/DEMETERPlcService
2025-07-11 14:18:00.028 [INF]  Creating DMTChamberService service on net.tcp://localhost:2220/DEMETERChamberService
2025-07-11 14:18:00.044 [INF]  Creating DMTChuckService service on net.tcp://localhost:2220/DEMETERChuckService
2025-07-11 14:18:00.063 [INF]  Creating DMTCameraService service on net.tcp://localhost:2220/DEMETERCameraService
2025-07-11 14:18:00.077 [INF]  Creating DMTScreenService service on net.tcp://localhost:2220/DEMETERScreenService
2025-07-11 14:18:00.089 [INF]  Creating MotionAxesService service on net.tcp://localhost:2220/HARDWAREMotionAxesService
2025-07-11 14:18:00.099 [INF]  Creating FDCService service on net.tcp://localhost:2220/DEMETERFDCService
2025-07-11 14:18:00.099 [INF]  Creating FfuService service on net.tcp://localhost:2220/DEMETERFfuService
2025-07-11 14:18:00.099 [INF]  Creating DMTAlgorithmsService service on net.tcp://localhost:2220/DEMETERAlgorithmsService
2025-07-11 14:18:00.099 [INF]  Creating DMTRecipeService service on net.tcp://localhost:2220/DEMETERRecipeService
2025-07-11 14:18:00.130 [INF]  Creating DMTCalibrationService service on net.tcp://localhost:2220/DEMETERCalibrationService
2025-07-11 14:18:00.130 [INF]  Creating PMUserService service on net.tcp://localhost:2220/DEMETERPMUserService
2025-07-11 14:18:00.574 [INF]  Creating UTOPMService service on net.tcp://localhost:2230/UTOPMService
2025-07-11 14:18:00.588 [INF]  Initializing hardware manager ...
2025-07-11 14:18:00.596 [INF]  Loading DEMETER hardware configuration from C:\IOTemporary\USP\PM\DEMETER\Service\UnitySC.PM.DMT.Service.Host\bin\4VIS2562\Configuration\DMTHardwareConfiguration.xml
2025-07-11 14:18:00.866 [INF] [Service.Implementation.GlobalStatusService]  Subscribed to global status change
2025-07-11 14:18:01.059 [DBG] [Service.Implementation.GlobalStatusService]  Get PP Configuration
2025-07-11 14:18:01.528 [INF]  Controllers initialization starting...
2025-07-11 14:18:01.528 [INF]  Create controller PLC Controller Beckhoff
2025-07-11 14:18:01.541 [INF]  PLC Controller Beckhoff Controller initialization started
2025-07-11 14:18:01.559 [INF]  PLC Controller Beckhoff Controller Status: Unknown Status message: 
2025-07-11 14:18:01.559 [INF]  Create controller PSD chamber controller
