2025-07-02 09:32:03.284 [INF]  ******************************************************************************************
2025-07-02 09:32:03.343 [INF]  DEMETER SERVER Version: 1.2.6.0
2025-07-02 09:32:03.344 [INF]  ******************************************************************************************
2025-07-02 09:32:03.344 [INF]  ----------------------------------
2025-07-02 09:32:03.345 [INF]  Start DEMETER Console server 
2025-07-02 09:32:03.345 [DBG]        => Debug logging activated
2025-07-02 09:32:05.183 [WRN]  Persistent FDCs data : C:\IOTemporary\USP\PM\DEMETER\Service\UnitySC.PM.DMT.Service.Host\bin\4VIS2562\Configuration\FDCsPersistentData.fpd file is missing : Le fichier 'C:\IOTemporary\USP\PM\DEMETER\Service\UnitySC.PM.DMT.Service.Host\bin\4VIS2562\Configuration\FDCsPersistentData.fpd' est introuvable.
2025-07-02 09:32:05.251 [INF] [Service.Implementation.GlobalStatusService]  Set global status State:Initializing Messages 1
2025-07-02 09:32:06.311 [INF]  Creating GlobalStatusService service on net.tcp://localhost:2220/DEMETERGlobalStatusService
2025-07-02 09:32:06.387 [INF]  Creating GlobalDeviceService service on net.tcp://localhost:2220/DEMETERGlobalDeviceService
2025-07-02 09:32:06.399 [INF]  Creating PlcService service on net.tcp://localhost:2220/DEMETERPlcService
2025-07-02 09:32:06.402 [INF]  Creating DMTChamberService service on net.tcp://localhost:2220/DEMETERChamberService
2025-07-02 09:32:06.406 [INF]  Creating DMTChuckService service on net.tcp://localhost:2220/DEMETERChuckService
2025-07-02 09:32:06.412 [INF]  Creating DMTCameraService service on net.tcp://localhost:2220/DEMETERCameraService
2025-07-02 09:32:06.418 [INF]  Creating DMTScreenService service on net.tcp://localhost:2220/DEMETERScreenService
2025-07-02 09:32:06.434 [INF]  Creating MotionAxesService service on net.tcp://localhost:2220/HARDWAREMotionAxesService
2025-07-02 09:32:06.442 [INF]  Creating FDCService service on net.tcp://localhost:2220/DEMETERFDCService
2025-07-02 09:32:06.455 [INF]  Creating FfuService service on net.tcp://localhost:2220/DEMETERFfuService
2025-07-02 09:32:06.458 [INF]  Creating DMTAlgorithmsService service on net.tcp://localhost:2220/DEMETERAlgorithmsService
2025-07-02 09:32:06.466 [INF]  Creating DMTRecipeService service on net.tcp://localhost:2220/DEMETERRecipeService
2025-07-02 09:32:06.473 [INF]  Creating DMTCalibrationService service on net.tcp://localhost:2220/DEMETERCalibrationService
2025-07-02 09:32:06.473 [INF]  Creating PMUserService service on net.tcp://localhost:2220/DEMETERPMUserService
2025-07-02 09:32:07.015 [INF]  Creating UTOPMService service on net.tcp://localhost:2230/UTOPMService
2025-07-02 09:32:07.015 [INF]  Initializing hardware manager ...
2025-07-02 09:32:07.083 [INF]  Loading DEMETER hardware configuration from C:\IOTemporary\USP\PM\DEMETER\Service\UnitySC.PM.DMT.Service.Host\bin\4VIS2562\Configuration\DMTHardwareConfiguration.xml
2025-07-02 09:32:07.888 [INF]  Controllers initialization starting...
2025-07-02 09:32:07.888 [INF]  Create controller PLC Controller Beckhoff
2025-07-02 09:32:07.901 [INF]  PLC Controller Beckhoff Controller initialization started
2025-07-02 09:32:07.916 [INF]  PLC Controller Beckhoff Controller Status: Unknown Status message: 
2025-07-02 09:32:07.916 [INF]  Create controller PSD chamber controller
2025-07-02 09:32:07.918 [INF]  PSD chamber controller Controller initialization started
2025-07-02 09:32:07.937 [INF]  PSD chamber controller Controller Status: Unknown Status message: 
2025-07-02 09:32:07.938 [INF]  Create controller PSD chuck controller
2025-07-02 09:32:08.259 [INF]  PSD chuck controller Controller initialization started
2025-07-02 09:32:08.269 [INF]  PSD chuck controller Controller Status: Unknown Status message: 
2025-07-02 09:32:08.271 [INF]  Create controller Densitron screen controller
2025-07-02 09:32:08.271 [INF]  Densitron screen controller Controller initialization started
2025-07-02 09:32:08.284 [INF]  Densitron screen controller Controller Status: Unknown Status message: 
2025-07-02 09:32:08.284 [INF]  Create controller Densitron screen controller
2025-07-02 09:32:08.284 [INF]  Densitron screen controller Controller initialization started
2025-07-02 09:32:08.284 [INF]  Densitron screen controller Controller Status: Unknown Status message: 
2025-07-02 09:32:08.284 [INF]  Create controller PSD ffu controller
2025-07-02 09:32:08.299 [INF]  PSD ffu controller Controller initialization started
2025-07-02 09:32:08.309 [INF]  PSD ffu controller Controller Status: Unknown Status message: 
2025-07-02 09:32:08.309 [INF]  Create controller Rfid controller
2025-07-02 09:32:08.315 [INF]  Rfid controller Controller initialization started
2025-07-02 09:32:08.319 [INF]  Rfid controller Controller Status: Unknown Status message: 
2025-07-02 09:32:08.327 [INF]  Screens initialization
2025-07-02 09:32:08.332 [INF]  Initializing screen Screen-Up
2025-07-02 09:32:08.335 [INF]  Initializing screen Screen-Down
2025-07-02 09:32:08.337 [INF]  Motion controllers initialization starting...
2025-07-02 09:32:08.337 [INF]  Create controller IO motion controller
2025-07-02 09:32:08.337 [INF]  IO motion controller Motion controller initialization started
2025-07-02 09:32:08.358 [INF]  IO motion controller Motion controller Status: Unknown Status message: 
2025-07-02 09:32:08.359 [INF]  PLC device initialization
2025-07-02 09:32:08.360 [INF]  Plc PLC Beckhoff create
2025-07-02 09:32:08.374 [INF]  Init Plc as a Dummy
2025-07-02 09:32:08.376 [INF]  chamber device initialization started...
2025-07-02 09:32:08.376 [INF]  PSD chamber chamber device creation
2025-07-02 09:32:08.378 [INF]  PSD chamber Chamber device initialization
2025-07-02 09:32:08.385 [INF]  PSD chamber Chamber device Status: Unknown Status message: 
2025-07-02 09:32:08.439 [INF]  chucks device initialization started...
2025-07-02 09:32:08.440 [INF]  PSD chuck chuck device creation
2025-07-02 09:32:08.443 [INF]  PSD chuck chuck device initialization
2025-07-02 09:32:08.460 [INF]  PSD chuck chuck device Status: Unknown Status message: 
2025-07-02 09:32:08.583 [INF]  PSD Axes Motion axes device creation
2025-07-02 09:32:08.684 [INF] [Service.Implementation.GlobalStatusService]  Subscribed to global status change
2025-07-02 09:32:08.684 [INF]  Good definition for this axis Linear axis
2025-07-02 09:32:08.684 [INF]  Good definition for this axis Linear axis
2025-07-02 09:32:08.700 [INF]  distance sensor device initialization
2025-07-02 09:32:08.700 [INF]  laser device initialization
2025-07-02 09:32:08.700 [INF]  shutter device initialization
2025-07-02 09:32:08.700 [INF]  light device initialization
2025-07-02 09:32:08.716 [INF]  plcScreen device initialization
2025-07-02 09:32:08.716 [INF]  ffu device initialization
2025-07-02 09:32:08.716 [INF]  ffu FFU Astrofan 612 create
2025-07-02 09:32:08.732 [INF]  Rfid device initialization
2025-07-02 09:32:08.732 [INF]  Rfid PSD Rfid create
2025-07-02 09:32:08.814 [INF]  Initializing fringes manager ...
2025-07-02 09:32:08.815 [INF] [Implementation.Fringes.FringeManager]  Loading fringe list from C:\IOTemporary\USP\PM\DEMETER\Service\UnitySC.PM.DMT.Service.Host\bin\4VIS2562\Configuration\Fringes.xml
2025-07-02 09:32:08.833 [INF]  Initializing algorithms manager ...
2025-07-02 09:32:08.833 [INF] [Service.Implementation.AlgorithmManager]  Loading C:\IOTemporary\USP\PM\DEMETER\Service\UnitySC.PM.DMT.Service.Host\bin\4VIS2562\Configuration\AlgorithmsConfiguration.xml
2025-07-02 09:32:09.034 [INF]  Initializing calibrations manager ...
2025-07-02 09:32:09.034 [INF]  Calibration inputs folder: C:\IOTemporary\USP\PM\DEMETER\Service\UnitySC.PM.DMT.Service.Host\bin\4VIS2562\Calibration\Input
2025-07-02 09:32:09.034 [WRN]  Calibration file FrontGlobalTopoCameraCalibration.xml is missing
2025-07-02 09:32:09.034 [DBG] [Service.Implementation.GlobalStatusService]  Get PP Configuration
2025-07-02 09:32:09.360 [WRN]  Calibration file BackGlobalTopoCameraCalibration.xml is missing
2025-07-02 09:32:09.360 [WRN]  Calibration file FrontGlobalTopoSystemCalibration.xml is missing
2025-07-02 09:32:09.360 [WRN]  Calibration file BackGlobalTopoSystemCalibration.xml is missing
2025-07-02 09:32:09.408 [WRN]  Calibration file FrontSystemUniformityCalibration.tif is missing
2025-07-02 09:32:09.408 [WRN]  Calibration file BackSystemUniformityCalibration.tif is missing
2025-07-02 09:32:09.408 [WRN]  Perspective calibration file FrontPerspectiveCalibration.psd for Front is missing
2025-07-02 09:32:09.408 [WRN]  Perspective calibration file BackPerspectiveCalibration.psd for Back is missing
2025-07-02 09:32:09.408 [WRN]  Calibration file FrontHighAngleDarkFieldMask.bmp is missing
2025-07-02 09:32:09.408 [WRN]  Calibration file BackHighAngleDarkFieldMask.bmp is missing
2025-07-02 09:32:09.408 [WRN]  Calibration file FrontExposureTimeCalibration.xml is missing
2025-07-02 09:32:09.408 [WRN]  Calibration file BackExposureTimeCalibration.xml is missing
2025-07-02 09:32:09.408 [WRN]  Calibration file FrontCurvatureDynamicsCalibration.xml is missing
2025-07-02 09:32:09.423 [WRN]  Calibration file BackCurvatureDynamicsCalibration.xml is missing
2025-07-02 09:32:09.503 [WRN]  Calibration file FrontDeadPixelsCalibration.dpml is missing
2025-07-02 09:32:09.503 [WRN]  Calibration file BackDeadPixelsCalibration.dpml is missing
2025-07-02 09:32:09.519 [INF]  Initializing PMTC manager ...
2025-07-02 09:32:09.519 [INF]  Initializing PMStateManager...
2025-07-02 09:32:09.519 [DBG] [2.6.0, Culture=neutral, PublicKeyToken=null]]]  [Send to TC] Update TransferState:NotReady
2025-07-02 09:32:09.519 [DBG] [2.6.0, Culture=neutral, PublicKeyToken=null]]]  [Send to TC] Update MaterialState: wafer is Unknown
2025-07-02 09:32:09.519 [DBG] [2.6.0, Culture=neutral, PublicKeyToken=null]]]  [Send to TC] Update total recipe progress percentage:0
2025-07-02 09:32:09.535 [INF]  CurrentTCPMState Initializing
2025-07-02 09:32:09.535 [INF]  CurrenTransferState NotReady
2025-07-02 09:32:09.537 [INF]  CurrentPMGeneralState NotReady
2025-07-02 09:32:09.537 [DBG] [2.6.0, Culture=neutral, PublicKeyToken=null]]]  [Send to TC] Update TransferState:NotReady
2025-07-02 09:32:09.537 [INF] [Shared.Data.ICommunicationOperations]  [Server UTO / Client PM] Request communication starting
2025-07-02 09:32:09.537 [DBG] [2.6.0, Culture=neutral, PublicKeyToken=null]]]  [Send to TC] Update TransferState:NotReady
2025-07-02 09:32:09.840 [INF] [Hardware.Manager.DMTHardwareManager]  Initializing handling...
2025-07-02 09:32:09.843 [INF]  DmtServer initialization complete
2025-07-02 09:32:09.843 [INF] [Service.Implementation.GlobalStatusService]  Set global status State:Free Messages 1
2025-07-02 09:32:09.845 [INF]  CurrentPMGlobalState Free
2025-07-02 09:32:22.429 [INF] [Service.Implementation.GlobalStatusService]  Reserve Hardware
2025-07-02 09:32:22.432 [INF]  CurrentPMGlobalState Busy
2025-07-02 09:32:22.905 [INF] [Service.Implementation.AxesService]  Subscribed to Motion axes change
2025-07-02 09:32:27.355 [INF] [Service.Implementation.AxesService]  Subscribed to Motion axes change
2025-07-02 09:32:27.557 [INF] [Service.Implementation.AxesService]  Subscribed to Motion axes change
