2025-07-01 09:45:40.128 [INF]  ******************************************************************************************
2025-07-01 09:45:40.234 [INF]  DEMETER SERVER Version: 1.2.6.0
2025-07-01 09:45:40.234 [INF]  ******************************************************************************************
2025-07-01 09:45:40.248 [INF]  ----------------------------------
2025-07-01 09:45:40.248 [INF]  Start DEMETER Console server 
2025-07-01 09:45:40.248 [DBG]        => Debug logging activated
2025-07-01 09:45:43.305 [WRN]  Persistent FDCs data : C:\IOTemporary\USP\PM\DEMETER\Service\UnitySC.PM.DMT.Service.Host\bin\4VIS2562\Configuration\FDCsPersistentData.fpd file is missing : Le fichier 'C:\IOTemporary\USP\PM\DEMETER\Service\UnitySC.PM.DMT.Service.Host\bin\4VIS2562\Configuration\FDCsPersistentData.fpd' est introuvable.
2025-07-01 09:45:43.430 [INF] [Service.Implementation.GlobalStatusService]  Set global status State:Initializing Messages 1
2025-07-01 09:45:44.203 [INF]  Creating GlobalStatusService service on net.tcp://localhost:2220/DEMETERGlobalStatusService
2025-07-01 09:45:44.307 [INF]  Creating GlobalDeviceService service on net.tcp://localhost:2220/DEMETERGlobalDeviceService
2025-07-01 09:45:44.313 [INF]  Creating PlcService service on net.tcp://localhost:2220/DEMETERPlcService
2025-07-01 09:45:44.320 [INF]  Creating DMTChamberService service on net.tcp://localhost:2220/DEMETERChamberService
2025-07-01 09:45:44.336 [INF]  Creating DMTChuckService service on net.tcp://localhost:2220/DEMETERChuckService
2025-07-01 09:45:44.350 [INF]  Creating DMTCameraService service on net.tcp://localhost:2220/DEMETERCameraService
2025-07-01 09:45:44.363 [INF]  Creating DMTScreenService service on net.tcp://localhost:2220/DEMETERScreenService
2025-07-01 09:45:44.385 [INF]  Creating MotionAxesService service on net.tcp://localhost:2220/HARDWAREMotionAxesService
2025-07-01 09:45:44.404 [INF]  Creating FDCService service on net.tcp://localhost:2220/DEMETERFDCService
2025-07-01 09:45:44.408 [INF]  Creating FfuService service on net.tcp://localhost:2220/DEMETERFfuService
2025-07-01 09:45:44.412 [INF]  Creating DMTAlgorithmsService service on net.tcp://localhost:2220/DEMETERAlgorithmsService
2025-07-01 09:45:44.436 [INF]  Creating DMTRecipeService service on net.tcp://localhost:2220/DEMETERRecipeService
2025-07-01 09:45:44.436 [INF]  Creating DMTCalibrationService service on net.tcp://localhost:2220/DEMETERCalibrationService
2025-07-01 09:45:44.452 [INF]  Creating PMUserService service on net.tcp://localhost:2220/DEMETERPMUserService
2025-07-01 09:45:45.332 [INF]  Creating UTOPMService service on net.tcp://localhost:2230/UTOPMService
2025-07-01 09:45:45.345 [INF]  Initializing hardware manager ...
2025-07-01 09:45:45.498 [INF]  Loading DEMETER hardware configuration from C:\IOTemporary\USP\PM\DEMETER\Service\UnitySC.PM.DMT.Service.Host\bin\4VIS2562\Configuration\DMTHardwareConfiguration.xml
2025-07-01 09:45:46.019 [INF] [Service.Implementation.GlobalStatusService]  Subscribed to global status change
2025-07-01 09:45:46.137 [DBG] [Service.Implementation.GlobalStatusService]  Get PP Configuration
2025-07-01 09:45:46.970 [INF]  Controllers initialization starting...
2025-07-01 09:45:46.970 [INF]  Create controller PLC Controller Beckhoff
2025-07-01 09:45:46.985 [INF]  PLC Controller Beckhoff Controller initialization started
2025-07-01 09:45:47.003 [INF]  PLC Controller Beckhoff Controller Status: Unknown Status message: 
2025-07-01 09:45:47.003 [INF]  Create controller PSD chamber controller
2025-07-01 09:45:47.003 [INF]  PSD chamber controller Controller initialization started
2025-07-01 09:45:47.034 [INF]  PSD chamber controller Controller Status: Unknown Status message: 
2025-07-01 09:45:47.034 [INF]  Create controller PSD chuck controller
2025-07-01 09:45:47.525 [INF]  PSD chuck controller Controller initialization started
2025-07-01 09:45:47.536 [INF]  PSD chuck controller Controller Status: Unknown Status message: 
2025-07-01 09:45:47.540 [INF]  Create controller Densitron screen controller
2025-07-01 09:45:47.541 [INF]  Densitron screen controller Controller initialization started
2025-07-01 09:45:47.550 [INF]  Densitron screen controller Controller Status: Unknown Status message: 
2025-07-01 09:45:47.550 [INF]  Create controller Densitron screen controller
2025-07-01 09:45:47.550 [INF]  Densitron screen controller Controller initialization started
2025-07-01 09:45:47.566 [INF]  Densitron screen controller Controller Status: Unknown Status message: 
2025-07-01 09:45:47.566 [INF]  Create controller PSD ffu controller
2025-07-01 09:45:47.577 [INF]  PSD ffu controller Controller initialization started
2025-07-01 09:45:47.582 [INF]  PSD ffu controller Controller Status: Unknown Status message: 
2025-07-01 09:45:47.582 [INF]  Create controller Rfid controller
2025-07-01 09:45:47.597 [INF]  Rfid controller Controller initialization started
2025-07-01 09:45:47.613 [INF]  Rfid controller Controller Status: Unknown Status message: 
2025-07-01 09:45:47.613 [INF]  Screens initialization
2025-07-01 09:45:47.620 [INF]  Initializing screen Screen-Up
2025-07-01 09:45:47.629 [INF]  Initializing screen Screen-Down
2025-07-01 09:45:47.631 [INF]  Motion controllers initialization starting...
2025-07-01 09:45:47.631 [INF]  Create controller IO motion controller
2025-07-01 09:45:47.642 [INF]  IO motion controller Motion controller initialization started
2025-07-01 09:45:47.650 [INF]  IO motion controller Motion controller Status: Unknown Status message: 
2025-07-01 09:45:47.656 [INF]  PLC device initialization
2025-07-01 09:45:47.656 [INF]  Plc PLC Beckhoff create
2025-07-01 09:45:47.677 [INF]  Init Plc as a Dummy
2025-07-01 09:45:47.677 [INF]  chamber device initialization started...
2025-07-01 09:45:47.677 [INF]  PSD chamber chamber device creation
2025-07-01 09:45:47.677 [INF]  PSD chamber Chamber device initialization
2025-07-01 09:45:47.702 [INF]  PSD chamber Chamber device Status: Unknown Status message: 
2025-07-01 09:45:47.817 [INF]  chucks device initialization started...
2025-07-01 09:45:47.818 [INF]  PSD chuck chuck device creation
2025-07-01 09:45:47.834 [INF]  PSD chuck chuck device initialization
2025-07-01 09:45:47.862 [INF]  PSD chuck chuck device Status: Unknown Status message: 
2025-07-01 09:45:48.154 [INF]  PSD Axes Motion axes device creation
2025-07-01 09:45:48.351 [INF]  Good definition for this axis Linear axis
2025-07-01 09:45:48.351 [INF]  Good definition for this axis Linear axis
2025-07-01 09:45:48.363 [INF]  distance sensor device initialization
2025-07-01 09:45:48.363 [INF]  laser device initialization
2025-07-01 09:45:48.363 [INF]  shutter device initialization
2025-07-01 09:45:48.373 [INF]  light device initialization
2025-07-01 09:45:48.373 [INF]  plcScreen device initialization
2025-07-01 09:45:48.378 [INF]  ffu device initialization
2025-07-01 09:45:48.378 [INF]  ffu FFU Astrofan 612 create
2025-07-01 09:45:48.403 [INF]  Rfid device initialization
2025-07-01 09:45:48.403 [INF]  Rfid PSD Rfid create
2025-07-01 09:45:48.516 [INF]  Initializing fringes manager ...
2025-07-01 09:45:48.521 [INF] [Implementation.Fringes.FringeManager]  Loading fringe list from C:\IOTemporary\USP\PM\DEMETER\Service\UnitySC.PM.DMT.Service.Host\bin\4VIS2562\Configuration\Fringes.xml
2025-07-01 09:45:48.549 [INF]  Initializing algorithms manager ...
2025-07-01 09:45:48.553 [INF] [Service.Implementation.AlgorithmManager]  Loading C:\IOTemporary\USP\PM\DEMETER\Service\UnitySC.PM.DMT.Service.Host\bin\4VIS2562\Configuration\AlgorithmsConfiguration.xml
2025-07-01 09:45:48.654 [INF]  Initializing calibrations manager ...
2025-07-01 09:45:48.665 [INF]  Calibration inputs folder: C:\IOTemporary\USP\PM\DEMETER\Service\UnitySC.PM.DMT.Service.Host\bin\4VIS2562\Calibration\Input
2025-07-01 09:45:48.665 [WRN]  Calibration file FrontGlobalTopoCameraCalibration.xml is missing
2025-07-01 09:45:48.669 [WRN]  Calibration file BackGlobalTopoCameraCalibration.xml is missing
2025-07-01 09:45:48.671 [WRN]  Calibration file FrontGlobalTopoSystemCalibration.xml is missing
2025-07-01 09:45:48.671 [WRN]  Calibration file BackGlobalTopoSystemCalibration.xml is missing
2025-07-01 09:45:48.767 [WRN]  Calibration file FrontSystemUniformityCalibration.tif is missing
2025-07-01 09:45:48.768 [WRN]  Calibration file BackSystemUniformityCalibration.tif is missing
2025-07-01 09:45:48.770 [WRN]  Perspective calibration file FrontPerspectiveCalibration.psd for Front is missing
2025-07-01 09:45:48.770 [WRN]  Perspective calibration file BackPerspectiveCalibration.psd for Back is missing
2025-07-01 09:45:48.775 [WRN]  Calibration file FrontHighAngleDarkFieldMask.bmp is missing
2025-07-01 09:45:48.778 [WRN]  Calibration file BackHighAngleDarkFieldMask.bmp is missing
2025-07-01 09:45:48.780 [WRN]  Calibration file FrontExposureTimeCalibration.xml is missing
2025-07-01 09:45:48.785 [WRN]  Calibration file BackExposureTimeCalibration.xml is missing
2025-07-01 09:45:48.806 [WRN]  Calibration file FrontCurvatureDynamicsCalibration.xml is missing
2025-07-01 09:45:48.806 [WRN]  Calibration file BackCurvatureDynamicsCalibration.xml is missing
2025-07-01 09:45:48.966 [WRN]  Calibration file FrontDeadPixelsCalibration.dpml is missing
2025-07-01 09:45:48.966 [WRN]  Calibration file BackDeadPixelsCalibration.dpml is missing
2025-07-01 09:45:48.966 [INF]  Initializing PMTC manager ...
2025-07-01 09:45:48.981 [INF]  Initializing PMStateManager...
2025-07-01 09:45:48.982 [DBG] [2.6.0, Culture=neutral, PublicKeyToken=null]]]  [Send to TC] Update TransferState:NotReady
2025-07-01 09:45:48.998 [DBG] [2.6.0, Culture=neutral, PublicKeyToken=null]]]  [Send to TC] Update MaterialState: wafer is Unknown
2025-07-01 09:45:49.004 [DBG] [2.6.0, Culture=neutral, PublicKeyToken=null]]]  [Send to TC] Update total recipe progress percentage:0
2025-07-01 09:45:49.004 [INF]  CurrentTCPMState Initializing
2025-07-01 09:45:49.004 [INF]  CurrenTransferState NotReady
2025-07-01 09:45:49.004 [INF]  CurrentPMGeneralState NotReady
2025-07-01 09:45:49.004 [DBG] [2.6.0, Culture=neutral, PublicKeyToken=null]]]  [Send to TC] Update TransferState:NotReady
2025-07-01 09:45:49.012 [INF] [Shared.Data.ICommunicationOperations]  [Server UTO / Client PM] Request communication starting
2025-07-01 09:45:49.017 [DBG] [2.6.0, Culture=neutral, PublicKeyToken=null]]]  [Send to TC] Update TransferState:NotReady
2025-07-01 09:45:52.201 [INF] [Hardware.Manager.DMTHardwareManager]  Initializing handling...
2025-07-01 09:45:52.202 [INF]  DmtServer initialization complete
2025-07-01 09:45:52.202 [INF] [Service.Implementation.GlobalStatusService]  Set global status State:Free Messages 1
2025-07-01 09:45:52.202 [INF]  CurrentPMGlobalState Free
2025-07-01 09:45:56.139 [INF] [Service.Implementation.GlobalStatusService]  Reserve Hardware
2025-07-01 09:45:56.142 [INF]  CurrentPMGlobalState Busy
2025-07-01 09:45:56.707 [INF] [Service.Implementation.AxesService]  Subscribed to Motion axes change
2025-07-01 09:46:02.692 [INF] [Service.Implementation.AxesService]  Subscribed to Motion axes change
2025-07-01 09:46:02.939 [INF] [Service.Implementation.AxesService]  Subscribed to Motion axes change
